-------------------------------------------------------------------------------
Test set: second_degree_equation.RunCucumberTest
-------------------------------------------------------------------------------
Tests run: 6, Failures: 2, Errors: 3, Skipped: 0, Time elapsed: 54.96 s <<< FAILURE! -- in second_degree_equation.RunCucumberTest
Examples.Example #1.1 -- Time elapsed: 4.632 s <<< FAILURE!
org.opentest4j.AssertionFailedError: expected: <true> but was: <false>
	at second_degree_equation.StepDefinitions.je_devrais_etre_redirigé_sur_la_page_avec_les_resultats(StepDefinitions.java:62)
	at ✽.je devrais etre redirigé sur la page "http://localhost:8080/second_degree_equation-1.0.0/api" avec les resultats "<résultat>"(classpath:second_degree_equation/equation.feature:14)

Examples.Example #1.2 -- Time elapsed: 13.98 s <<< ERROR!
org.openqa.selenium.TimeoutException: 
Expected condition failed: waiting for visibility of element located by By.id: roots (tried for 10 second(s) with 500 milliseconds interval)
Build info: version: '4.17.0', revision: 'e52b1be057*'
System info: os.name: 'Linux', os.arch: 'amd64', os.version: '6.5.0-14-generic', java.version: '17.0.9'
Driver info: org.openqa.selenium.chrome.ChromeDriver
Capabilities {acceptInsecureCerts: false, browserName: chrome, browserVersion: 120.0.6099.129, chrome: {chromedriverVersion: 120.0.6099.109 (3419140ab66..., userDataDir: /tmp/.org.chromium.Chromium...}, fedcm:accounts: true, goog:chromeOptions: {debuggerAddress: localhost:36195}, networkConnectionEnabled: false, pageLoadStrategy: normal, platformName: linux, proxy: Proxy(), se:cdp: ws://localhost:36195/devtoo..., se:cdpVersion: 120.0.6099.129, setWindowRect: true, strictFileInteractability: false, timeouts: {implicit: 0, pageLoad: 300000, script: 30000}, unhandledPromptBehavior: dismiss and notify, webauthn:extension:credBlob: true, webauthn:extension:largeBlob: true, webauthn:extension:minPinLength: true, webauthn:extension:prf: true, webauthn:virtualAuthenticators: true}
Session ID: 067804b4c4d23fcc716f99b8cd9f4202
	at org.openqa.selenium.support.ui.WebDriverWait.timeoutException(WebDriverWait.java:84)
	at org.openqa.selenium.support.ui.FluentWait.until(FluentWait.java:228)
	at second_degree_equation.StepDefinitions.je_devrais_etre_redirigé_sur_la_page_avec_les_resultats(StepDefinitions.java:58)
	at ✽.je devrais etre redirigé sur la page "http://localhost:8080/second_degree_equation-1.0.0/api" avec les resultats "<résultat>"(classpath:second_degree_equation/equation.feature:14)

Examples.Example #1.3 -- Time elapsed: 13.52 s <<< ERROR!
org.openqa.selenium.TimeoutException: 
Expected condition failed: waiting for visibility of element located by By.id: roots (tried for 10 second(s) with 500 milliseconds interval)
Build info: version: '4.17.0', revision: 'e52b1be057*'
System info: os.name: 'Linux', os.arch: 'amd64', os.version: '6.5.0-14-generic', java.version: '17.0.9'
Driver info: org.openqa.selenium.chrome.ChromeDriver
Capabilities {acceptInsecureCerts: false, browserName: chrome, browserVersion: 120.0.6099.129, chrome: {chromedriverVersion: 120.0.6099.109 (3419140ab66..., userDataDir: /tmp/.org.chromium.Chromium...}, fedcm:accounts: true, goog:chromeOptions: {debuggerAddress: localhost:38515}, networkConnectionEnabled: false, pageLoadStrategy: normal, platformName: linux, proxy: Proxy(), se:cdp: ws://localhost:38515/devtoo..., se:cdpVersion: 120.0.6099.129, setWindowRect: true, strictFileInteractability: false, timeouts: {implicit: 0, pageLoad: 300000, script: 30000}, unhandledPromptBehavior: dismiss and notify, webauthn:extension:credBlob: true, webauthn:extension:largeBlob: true, webauthn:extension:minPinLength: true, webauthn:extension:prf: true, webauthn:virtualAuthenticators: true}
Session ID: 0d1320c6e875e8a2656fa8486a51ae97
	at org.openqa.selenium.support.ui.WebDriverWait.timeoutException(WebDriverWait.java:84)
	at org.openqa.selenium.support.ui.FluentWait.until(FluentWait.java:228)
	at second_degree_equation.StepDefinitions.je_devrais_etre_redirigé_sur_la_page_avec_les_resultats(StepDefinitions.java:58)
	at ✽.je devrais etre redirigé sur la page "http://localhost:8080/second_degree_equation-1.0.0/api" avec les resultats "<résultat>"(classpath:second_degree_equation/equation.feature:14)

Examples.Example #1.4 -- Time elapsed: 3.909 s <<< FAILURE!
org.opentest4j.AssertionFailedError: expected: <true> but was: <false>
	at second_degree_equation.StepDefinitions.je_devrais_etre_redirigé_sur_la_page_avec_les_resultats(StepDefinitions.java:62)
	at ✽.je devrais etre redirigé sur la page "http://localhost:8080/second_degree_equation-1.0.0/api" avec les resultats "<résultat>"(classpath:second_degree_equation/equation.feature:14)

Examples.Example #1.5 -- Time elapsed: 14.29 s <<< ERROR!
org.openqa.selenium.TimeoutException: 
Expected condition failed: waiting for visibility of element located by By.id: roots (tried for 10 second(s) with 500 milliseconds interval)
Build info: version: '4.17.0', revision: 'e52b1be057*'
System info: os.name: 'Linux', os.arch: 'amd64', os.version: '6.5.0-14-generic', java.version: '17.0.9'
Driver info: org.openqa.selenium.chrome.ChromeDriver
Capabilities {acceptInsecureCerts: false, browserName: chrome, browserVersion: 120.0.6099.129, chrome: {chromedriverVersion: 120.0.6099.109 (3419140ab66..., userDataDir: /tmp/.org.chromium.Chromium...}, fedcm:accounts: true, goog:chromeOptions: {debuggerAddress: localhost:36475}, networkConnectionEnabled: false, pageLoadStrategy: normal, platformName: linux, proxy: Proxy(), se:cdp: ws://localhost:36475/devtoo..., se:cdpVersion: 120.0.6099.129, setWindowRect: true, strictFileInteractability: false, timeouts: {implicit: 0, pageLoad: 300000, script: 30000}, unhandledPromptBehavior: dismiss and notify, webauthn:extension:credBlob: true, webauthn:extension:largeBlob: true, webauthn:extension:minPinLength: true, webauthn:extension:prf: true, webauthn:virtualAuthenticators: true}
Session ID: abf8ab712efc9944c86fb29190397d3d
	at org.openqa.selenium.support.ui.WebDriverWait.timeoutException(WebDriverWait.java:84)
	at org.openqa.selenium.support.ui.FluentWait.until(FluentWait.java:228)
	at second_degree_equation.StepDefinitions.je_devrais_etre_redirigé_sur_la_page_avec_les_resultats(StepDefinitions.java:58)
	at ✽.je devrais etre redirigé sur la page "http://localhost:8080/second_degree_equation-1.0.0/api" avec les resultats "<résultat>"(classpath:second_degree_equation/equation.feature:14)

