-------------------------------------------------------------------------------
Test set: second_degree_equation.EquationSolverTest
-------------------------------------------------------------------------------
Tests run: 89, Failures: 7, Errors: 0, Skipped: 0, Time elapsed: 0.512 s <<< FAILURE! -- in second_degree_equation.EquationSolverTest
second_degree_equation.EquationSolverTest.testSolve_a_tres_proche_de_zero__b_grand_positif__c_proche_de_0_positif_ -- Time elapsed: 0.010 s <<< FAILURE!
org.opentest4j.AssertionFailedError: La racine doit satisfaire l'équation ==> expected: <0.0> but was: <3.4127386812527467>
	at org.junit.jupiter.api.AssertionFailureBuilder.build(AssertionFailureBuilder.java:151)
	at org.junit.jupiter.api.AssertionFailureBuilder.buildAndThrow(AssertionFailureBuilder.java:132)
	at org.junit.jupiter.api.AssertEquals.failNotEqual(AssertEquals.java:197)
	at org.junit.jupiter.api.AssertEquals.assertEquals(AssertEquals.java:86)
	at org.junit.jupiter.api.Assertions.assertEquals(Assertions.java:1024)
	at second_degree_equation.EquationSolverTest.testSolve_a_tres_proche_de_zero__b_grand_positif__c_proche_de_0_positif_(EquationSolverTest.java:1643)
	at java.base/java.lang.reflect.Method.invoke(Method.java:568)
	at java.base/java.util.ArrayList.forEach(ArrayList.java:1511)
	at java.base/java.util.ArrayList.forEach(ArrayList.java:1511)

second_degree_equation.EquationSolverTest.testSolve_a_normal_positif__b_negatif_grand__c_grand_positif_ -- Time elapsed: 0.008 s <<< FAILURE!
org.opentest4j.AssertionFailedError: La racine doit satisfaire l'équation ==> expected: <0.0> but was: <-0.03581857681274414>
	at org.junit.jupiter.api.AssertionFailureBuilder.build(AssertionFailureBuilder.java:151)
	at org.junit.jupiter.api.AssertionFailureBuilder.buildAndThrow(AssertionFailureBuilder.java:132)
	at org.junit.jupiter.api.AssertEquals.failNotEqual(AssertEquals.java:197)
	at org.junit.jupiter.api.AssertEquals.assertEquals(AssertEquals.java:86)
	at org.junit.jupiter.api.Assertions.assertEquals(Assertions.java:1024)
	at second_degree_equation.EquationSolverTest.testSolve_a_normal_positif__b_negatif_grand__c_grand_positif_(EquationSolverTest.java:172)
	at java.base/java.lang.reflect.Method.invoke(Method.java:568)
	at java.base/java.util.ArrayList.forEach(ArrayList.java:1511)
	at java.base/java.util.ArrayList.forEach(ArrayList.java:1511)

second_degree_equation.EquationSolverTest.testSolve_a_proche_de_0_positif__b_negatif_grand__c_negatif_grand_ -- Time elapsed: 0.002 s <<< FAILURE!
org.opentest4j.AssertionFailedError: La racine doit satisfaire l'équation ==> expected: <0.0> but was: <-18.427545189857483>
	at org.junit.jupiter.api.AssertionFailureBuilder.build(AssertionFailureBuilder.java:151)
	at org.junit.jupiter.api.AssertionFailureBuilder.buildAndThrow(AssertionFailureBuilder.java:132)
	at org.junit.jupiter.api.AssertEquals.failNotEqual(AssertEquals.java:197)
	at org.junit.jupiter.api.AssertEquals.assertEquals(AssertEquals.java:86)
	at org.junit.jupiter.api.Assertions.assertEquals(Assertions.java:1024)
	at second_degree_equation.EquationSolverTest.testSolve_a_proche_de_0_positif__b_negatif_grand__c_negatif_grand_(EquationSolverTest.java:678)
	at java.base/java.lang.reflect.Method.invoke(Method.java:568)
	at java.base/java.util.ArrayList.forEach(ArrayList.java:1511)
	at java.base/java.util.ArrayList.forEach(ArrayList.java:1511)

second_degree_equation.EquationSolverTest.testSolve_a_normal_positif__b_grand_positif__c_normal_positif_ -- Time elapsed: 0.003 s <<< FAILURE!
org.opentest4j.AssertionFailedError: La racine doit satisfaire l'équation ==> expected: <0.0> but was: <0.013291217177766157>
	at org.junit.jupiter.api.AssertionFailureBuilder.build(AssertionFailureBuilder.java:151)
	at org.junit.jupiter.api.AssertionFailureBuilder.buildAndThrow(AssertionFailureBuilder.java:132)
	at org.junit.jupiter.api.AssertEquals.failNotEqual(AssertEquals.java:197)
	at org.junit.jupiter.api.AssertEquals.assertEquals(AssertEquals.java:86)
	at org.junit.jupiter.api.Assertions.assertEquals(Assertions.java:1024)
	at second_degree_equation.EquationSolverTest.testSolve_a_normal_positif__b_grand_positif__c_normal_positif_(EquationSolverTest.java:2034)
	at java.base/java.lang.reflect.Method.invoke(Method.java:568)
	at java.base/java.util.ArrayList.forEach(ArrayList.java:1511)
	at java.base/java.util.ArrayList.forEach(ArrayList.java:1511)

second_degree_equation.EquationSolverTest.testSolve_a_tres_proche_de_zero__b_negatif_grand__c_proche_de_0_negatif_ -- Time elapsed: 0.003 s <<< FAILURE!
org.opentest4j.AssertionFailedError: La racine doit satisfaire l'équation ==> expected: <0.0> but was: <-4.156107286857791>
	at org.junit.jupiter.api.AssertionFailureBuilder.build(AssertionFailureBuilder.java:151)
	at org.junit.jupiter.api.AssertionFailureBuilder.buildAndThrow(AssertionFailureBuilder.java:132)
	at org.junit.jupiter.api.AssertEquals.failNotEqual(AssertEquals.java:197)
	at org.junit.jupiter.api.AssertEquals.assertEquals(AssertEquals.java:86)
	at org.junit.jupiter.api.Assertions.assertEquals(Assertions.java:1024)
	at second_degree_equation.EquationSolverTest.testSolve_a_tres_proche_de_zero__b_negatif_grand__c_proche_de_0_negatif_(EquationSolverTest.java:1137)
	at java.base/java.lang.reflect.Method.invoke(Method.java:568)
	at java.base/java.util.ArrayList.forEach(ArrayList.java:1511)
	at java.base/java.util.ArrayList.forEach(ArrayList.java:1511)

second_degree_equation.EquationSolverTest.testSolve_a_proche_de_0_positif__b_grand_positif__c_normal_positif_ -- Time elapsed: 0.001 s <<< FAILURE!
org.opentest4j.AssertionFailedError: La racine doit satisfaire l'équation ==> expected: <0.0> but was: <5.630855772291284>
	at org.junit.jupiter.api.AssertionFailureBuilder.build(AssertionFailureBuilder.java:151)
	at org.junit.jupiter.api.AssertionFailureBuilder.buildAndThrow(AssertionFailureBuilder.java:132)
	at org.junit.jupiter.api.AssertEquals.failNotEqual(AssertEquals.java:197)
	at org.junit.jupiter.api.AssertEquals.assertEquals(AssertEquals.java:86)
	at org.junit.jupiter.api.Assertions.assertEquals(Assertions.java:1024)
	at second_degree_equation.EquationSolverTest.testSolve_a_proche_de_0_positif__b_grand_positif__c_normal_positif_(EquationSolverTest.java:1298)
	at java.base/java.lang.reflect.Method.invoke(Method.java:568)
	at java.base/java.util.ArrayList.forEach(ArrayList.java:1511)
	at java.base/java.util.ArrayList.forEach(ArrayList.java:1511)

second_degree_equation.EquationSolverTest.testSolve_a_normal_negatif__b_negatif_grand__c_tres_proche_de_zero_ -- Time elapsed: 0.001 s <<< FAILURE!
org.opentest4j.AssertionFailedError: La racine doit satisfaire l'équation ==> expected: <0.0> but was: <0.12500060243641242>
	at org.junit.jupiter.api.AssertionFailureBuilder.build(AssertionFailureBuilder.java:151)
	at org.junit.jupiter.api.AssertionFailureBuilder.buildAndThrow(AssertionFailureBuilder.java:132)
	at org.junit.jupiter.api.AssertEquals.failNotEqual(AssertEquals.java:197)
	at org.junit.jupiter.api.AssertEquals.assertEquals(AssertEquals.java:86)
	at org.junit.jupiter.api.Assertions.assertEquals(Assertions.java:1024)
	at second_degree_equation.EquationSolverTest.testSolve_a_normal_negatif__b_negatif_grand__c_tres_proche_de_zero_(EquationSolverTest.java:1735)
	at java.base/java.lang.reflect.Method.invoke(Method.java:568)
	at java.base/java.util.ArrayList.forEach(ArrayList.java:1511)
	at java.base/java.util.ArrayList.forEach(ArrayList.java:1511)

