<?xml version="1.0" encoding="UTF-8"?>
<testsuite xmlns:xsi="http://www.w3.org/2001/XMLSchema-instance" xsi:noNamespaceSchemaLocation="https://maven.apache.org/surefire/maven-surefire-plugin/xsd/surefire-test-report-3.0.xsd" version="3.0" name="second_degree_equation.EquationSolverTest" time="0.583" tests="89" errors="0" skipped="0" failures="7">
  <properties>
    <property name="java.specification.version" value="17"/>
    <property name="sun.jnu.encoding" value="UTF-8"/>
    <property name="java.class.path" value="/home/roosvelt/Documents/SIGL/M2/INF563/TP EXAM/second_degree_equation/target/test-classes:/home/roosvelt/Documents/SIGL/M2/INF563/TP EXAM/second_degree_equation/target/classes:/home/roosvelt/.m2/repository/io/cucumber/cucumber-java/7.15.0/cucumber-java-7.15.0.jar:/home/roosvelt/.m2/repository/io/cucumber/cucumber-core/7.15.0/cucumber-core-7.15.0.jar:/home/roosvelt/.m2/repository/io/cucumber/cucumber-gherkin/7.15.0/cucumber-gherkin-7.15.0.jar:/home/roosvelt/.m2/repository/io/cucumber/cucumber-gherkin-messages/7.15.0/cucumber-gherkin-messages-7.15.0.jar:/home/roosvelt/.m2/repository/io/cucumber/gherkin/26.2.0/gherkin-26.2.0.jar:/home/roosvelt/.m2/repository/io/cucumber/messages/22.0.0/messages-22.0.0.jar:/home/roosvelt/.m2/repository/io/cucumber/tag-expressions/6.0.0/tag-expressions-6.0.0.jar:/home/roosvelt/.m2/repository/io/cucumber/cucumber-expressions/17.0.1/cucumber-expressions-17.0.1.jar:/home/roosvelt/.m2/repository/io/cucumber/datatable/7.15.0/datatable-7.15.0.jar:/home/roosvelt/.m2/repository/io/cucumber/cucumber-plugin/7.15.0/cucumber-plugin-7.15.0.jar:/home/roosvelt/.m2/repository/io/cucumber/docstring/7.15.0/docstring-7.15.0.jar:/home/roosvelt/.m2/repository/io/cucumber/html-formatter/20.4.0/html-formatter-20.4.0.jar:/home/roosvelt/.m2/repository/io/cucumber/junit-xml-formatter/0.2.0/junit-xml-formatter-0.2.0.jar:/home/roosvelt/.m2/repository/io/cucumber/ci-environment/10.0.0/ci-environment-10.0.0.jar:/home/roosvelt/.m2/repository/org/apiguardian/apiguardian-api/1.1.2/apiguardian-api-1.1.2.jar:/home/roosvelt/.m2/repository/io/cucumber/cucumber-junit-platform-engine/7.15.0/cucumber-junit-platform-engine-7.15.0.jar:/home/roosvelt/.m2/repository/org/junit/platform/junit-platform-engine/1.10.1/junit-platform-engine-1.10.1.jar:/home/roosvelt/.m2/repository/org/opentest4j/opentest4j/1.3.0/opentest4j-1.3.0.jar:/home/roosvelt/.m2/repository/org/junit/platform/junit-platform-commons/1.10.1/junit-platform-commons-1.10.1.jar:/home/roosvelt/.m2/repository/org/junit/platform/junit-platform-suite/1.10.1/junit-platform-suite-1.10.1.jar:/home/roosvelt/.m2/repository/org/junit/platform/junit-platform-suite-api/1.10.1/junit-platform-suite-api-1.10.1.jar:/home/roosvelt/.m2/repository/org/junit/platform/junit-platform-suite-engine/1.10.1/junit-platform-suite-engine-1.10.1.jar:/home/roosvelt/.m2/repository/org/junit/platform/junit-platform-suite-commons/1.10.1/junit-platform-suite-commons-1.10.1.jar:/home/roosvelt/.m2/repository/org/junit/platform/junit-platform-launcher/1.10.1/junit-platform-launcher-1.10.1.jar:/home/roosvelt/.m2/repository/org/junit/jupiter/junit-jupiter/5.10.1/junit-jupiter-5.10.1.jar:/home/roosvelt/.m2/repository/org/junit/jupiter/junit-jupiter-api/5.10.1/junit-jupiter-api-5.10.1.jar:/home/roosvelt/.m2/repository/org/junit/jupiter/junit-jupiter-params/5.10.1/junit-jupiter-params-5.10.1.jar:/home/roosvelt/.m2/repository/org/junit/jupiter/junit-jupiter-engine/5.10.1/junit-jupiter-engine-5.10.1.jar:/home/roosvelt/.m2/repository/org/apache/commons/commons-csv/1.1/commons-csv-1.1.jar:/home/roosvelt/.m2/repository/javax/servlet/javax.servlet-api/4.0.1/javax.servlet-api-4.0.1.jar:"/>
    <property name="java.vm.vendor" value="Private Build"/>
    <property name="sun.arch.data.model" value="64"/>
    <property name="java.vendor.url" value="Unknown"/>
    <property name="user.timezone" value="Africa/Douala"/>
    <property name="os.name" value="Linux"/>
    <property name="java.vm.specification.version" value="17"/>
    <property name="sun.java.launcher" value="SUN_STANDARD"/>
    <property name="user.country" value="FR"/>
    <property name="sun.boot.library.path" value="/usr/lib/jvm/java-17-openjdk-amd64/lib"/>
    <property name="sun.java.command" value="/home/roosvelt/Documents/SIGL/M2/INF563/TP EXAM/second_degree_equation/target/surefire/surefirebooter-20240118035441958_3.jar /home/roosvelt/Documents/SIGL/M2/INF563/TP EXAM/second_degree_equation/target/surefire 2024-01-18T03-54-41_597-jvmRun1 surefire-20240118035441958_1tmp surefire_0-20240118035441958_2tmp"/>
    <property name="jdk.debug" value="release"/>
    <property name="surefire.test.class.path" value="/home/roosvelt/Documents/SIGL/M2/INF563/TP EXAM/second_degree_equation/target/test-classes:/home/roosvelt/Documents/SIGL/M2/INF563/TP EXAM/second_degree_equation/target/classes:/home/roosvelt/.m2/repository/io/cucumber/cucumber-java/7.15.0/cucumber-java-7.15.0.jar:/home/roosvelt/.m2/repository/io/cucumber/cucumber-core/7.15.0/cucumber-core-7.15.0.jar:/home/roosvelt/.m2/repository/io/cucumber/cucumber-gherkin/7.15.0/cucumber-gherkin-7.15.0.jar:/home/roosvelt/.m2/repository/io/cucumber/cucumber-gherkin-messages/7.15.0/cucumber-gherkin-messages-7.15.0.jar:/home/roosvelt/.m2/repository/io/cucumber/gherkin/26.2.0/gherkin-26.2.0.jar:/home/roosvelt/.m2/repository/io/cucumber/messages/22.0.0/messages-22.0.0.jar:/home/roosvelt/.m2/repository/io/cucumber/tag-expressions/6.0.0/tag-expressions-6.0.0.jar:/home/roosvelt/.m2/repository/io/cucumber/cucumber-expressions/17.0.1/cucumber-expressions-17.0.1.jar:/home/roosvelt/.m2/repository/io/cucumber/datatable/7.15.0/datatable-7.15.0.jar:/home/roosvelt/.m2/repository/io/cucumber/cucumber-plugin/7.15.0/cucumber-plugin-7.15.0.jar:/home/roosvelt/.m2/repository/io/cucumber/docstring/7.15.0/docstring-7.15.0.jar:/home/roosvelt/.m2/repository/io/cucumber/html-formatter/20.4.0/html-formatter-20.4.0.jar:/home/roosvelt/.m2/repository/io/cucumber/junit-xml-formatter/0.2.0/junit-xml-formatter-0.2.0.jar:/home/roosvelt/.m2/repository/io/cucumber/ci-environment/10.0.0/ci-environment-10.0.0.jar:/home/roosvelt/.m2/repository/org/apiguardian/apiguardian-api/1.1.2/apiguardian-api-1.1.2.jar:/home/roosvelt/.m2/repository/io/cucumber/cucumber-junit-platform-engine/7.15.0/cucumber-junit-platform-engine-7.15.0.jar:/home/roosvelt/.m2/repository/org/junit/platform/junit-platform-engine/1.10.1/junit-platform-engine-1.10.1.jar:/home/roosvelt/.m2/repository/org/opentest4j/opentest4j/1.3.0/opentest4j-1.3.0.jar:/home/roosvelt/.m2/repository/org/junit/platform/junit-platform-commons/1.10.1/junit-platform-commons-1.10.1.jar:/home/roosvelt/.m2/repository/org/junit/platform/junit-platform-suite/1.10.1/junit-platform-suite-1.10.1.jar:/home/roosvelt/.m2/repository/org/junit/platform/junit-platform-suite-api/1.10.1/junit-platform-suite-api-1.10.1.jar:/home/roosvelt/.m2/repository/org/junit/platform/junit-platform-suite-engine/1.10.1/junit-platform-suite-engine-1.10.1.jar:/home/roosvelt/.m2/repository/org/junit/platform/junit-platform-suite-commons/1.10.1/junit-platform-suite-commons-1.10.1.jar:/home/roosvelt/.m2/repository/org/junit/platform/junit-platform-launcher/1.10.1/junit-platform-launcher-1.10.1.jar:/home/roosvelt/.m2/repository/org/junit/jupiter/junit-jupiter/5.10.1/junit-jupiter-5.10.1.jar:/home/roosvelt/.m2/repository/org/junit/jupiter/junit-jupiter-api/5.10.1/junit-jupiter-api-5.10.1.jar:/home/roosvelt/.m2/repository/org/junit/jupiter/junit-jupiter-params/5.10.1/junit-jupiter-params-5.10.1.jar:/home/roosvelt/.m2/repository/org/junit/jupiter/junit-jupiter-engine/5.10.1/junit-jupiter-engine-5.10.1.jar:/home/roosvelt/.m2/repository/org/apache/commons/commons-csv/1.1/commons-csv-1.1.jar:/home/roosvelt/.m2/repository/javax/servlet/javax.servlet-api/4.0.1/javax.servlet-api-4.0.1.jar:"/>
    <property name="sun.cpu.endian" value="little"/>
    <property name="user.home" value="/home/roosvelt"/>
    <property name="user.language" value="fr"/>
    <property name="java.specification.vendor" value="Oracle Corporation"/>
    <property name="java.version.date" value="2023-10-17"/>
    <property name="java.home" value="/usr/lib/jvm/java-17-openjdk-amd64"/>
    <property name="file.separator" value="/"/>
    <property name="basedir" value="/home/roosvelt/Documents/SIGL/M2/INF563/TP EXAM/second_degree_equation"/>
    <property name="java.vm.compressedOopsMode" value="Zero based"/>
    <property name="line.separator" value="&#10;"/>
    <property name="java.vm.specification.vendor" value="Oracle Corporation"/>
    <property name="java.specification.name" value="Java Platform API Specification"/>
    <property name="surefire.real.class.path" value="/home/roosvelt/Documents/SIGL/M2/INF563/TP EXAM/second_degree_equation/target/surefire/surefirebooter-20240118035441958_3.jar"/>
    <property name="sun.management.compiler" value="HotSpot 64-Bit Tiered Compilers"/>
    <property name="java.runtime.version" value="17.0.9+9-Ubuntu-123.10"/>
    <property name="user.name" value="roosvelt"/>
    <property name="path.separator" value=":"/>
    <property name="os.version" value="6.5.0-14-generic"/>
    <property name="java.runtime.name" value="OpenJDK Runtime Environment"/>
    <property name="file.encoding" value="UTF-8"/>
    <property name="java.vm.name" value="OpenJDK 64-Bit Server VM"/>
    <property name="localRepository" value="/home/roosvelt/.m2/repository"/>
    <property name="java.vendor.url.bug" value="Unknown"/>
    <property name="java.io.tmpdir" value="/tmp"/>
    <property name="java.version" value="17.0.9"/>
    <property name="user.dir" value="/home/roosvelt/Documents/SIGL/M2/INF563/TP EXAM/second_degree_equation"/>
    <property name="os.arch" value="amd64"/>
    <property name="java.vm.specification.name" value="Java Virtual Machine Specification"/>
    <property name="native.encoding" value="UTF-8"/>
    <property name="java.library.path" value="/usr/java/packages/lib:/usr/lib/x86_64-linux-gnu/jni:/lib/x86_64-linux-gnu:/usr/lib/x86_64-linux-gnu:/usr/lib/jni:/lib:/usr/lib"/>
    <property name="java.vm.info" value="mixed mode, sharing"/>
    <property name="java.vendor" value="Private Build"/>
    <property name="java.vm.version" value="17.0.9+9-Ubuntu-123.10"/>
    <property name="sun.io.unicode.encoding" value="UnicodeLittle"/>
    <property name="java.class.version" value="61.0"/>
  </properties>
  <testcase name="testSolve_a_normal_negatif__b_null_c_normal_negatif_" classname="second_degree_equation.EquationSolverTest" time="0.055"/>
  <testcase name="testSolve_a_negatif_grand__b_proche_de_0_positif__c_grand_positif_" classname="second_degree_equation.EquationSolverTest" time="0.006"/>
  <testcase name="testSolve_a_tres_proche_de_0_negatif__b_grand_positif__c_null" classname="second_degree_equation.EquationSolverTest" time="0.009"/>
  <testcase name="testSolve_a_tres_proche_de_0_negatif__b_null_c_proche_de_0_negatif_" classname="second_degree_equation.EquationSolverTest" time="0.008"/>
  <testcase name="testSolve_a_proche_de_0_negatif__b_null_c_proche_de_0_positif_" classname="second_degree_equation.EquationSolverTest" time="0.005"/>
  <testcase name="testSolve_a_tres_proche_de_0_negatif__b_normal_negatif__c_proche_de_0_negatif_" classname="second_degree_equation.EquationSolverTest" time="0.006"/>
  <testcase name="testSolve_a_normal_positif__b_normal_negatif__c_null" classname="second_degree_equation.EquationSolverTest" time="0.009"/>
  <testcase name="testSolve_a_tres_proche_de_zero__b_proche_de_0_positif__c_negatif_grand_" classname="second_degree_equation.EquationSolverTest" time="0.004"/>
  <testcase name="testSolve_a_tres_proche_de_0_negatif__b_proche_de_0_positif__c_tres_proche_de_0_negatif_" classname="second_degree_equation.EquationSolverTest" time="0.005"/>
  <testcase name="testSolve_a_normal_negatif__b_grand_positif__c_grand_positif_" classname="second_degree_equation.EquationSolverTest" time="0.023">
    <failure message="expected: &lt;0.0&gt; but was: &lt;-0.0026873350143432617&gt;" type="org.opentest4j.AssertionFailedError"><![CDATA[org.opentest4j.AssertionFailedError: expected: <0.0> but was: <-0.0026873350143432617>
	at org.junit.jupiter.api.AssertionFailureBuilder.build(AssertionFailureBuilder.java:151)
	at org.junit.jupiter.api.AssertionFailureBuilder.buildAndThrow(AssertionFailureBuilder.java:132)
	at org.junit.jupiter.api.AssertEquals.failNotEqual(AssertEquals.java:197)
	at org.junit.jupiter.api.AssertEquals.assertEquals(AssertEquals.java:86)
	at org.junit.jupiter.api.AssertEquals.assertEquals(AssertEquals.java:81)
	at org.junit.jupiter.api.Assertions.assertEquals(Assertions.java:1014)
	at second_degree_equation.EquationSolverTest.testSolve_a_normal_negatif__b_grand_positif__c_grand_positif_(EquationSolverTest.java:784)
	at java.base/java.lang.reflect.Method.invoke(Method.java:568)
	at java.base/java.util.ArrayList.forEach(ArrayList.java:1511)
	at java.base/java.util.ArrayList.forEach(ArrayList.java:1511)
]]></failure>
  </testcase>
  <testcase name="testSolve_a_proche_de_0_negatif__b_normal_positif__c_normal_positif_" classname="second_degree_equation.EquationSolverTest" time="0.006"/>
  <testcase name="testSolve_a_normal_negatif__b_normal_negatif__c_tres_proche_de_0_negatif_" classname="second_degree_equation.EquationSolverTest" time="0.007"/>
  <testcase name="testSolve_a_proche_de_0_positif__b_proche_de_0_negatif__c_grand_positif_" classname="second_degree_equation.EquationSolverTest" time="0.003"/>
  <testcase name="testSolve_a_tres_proche_de_zero__b_grand_positif__c_proche_de_0_positif_" classname="second_degree_equation.EquationSolverTest" time="0.012">
    <failure message="expected: &lt;0.0&gt; but was: &lt;3.5199580940629076&gt;" type="org.opentest4j.AssertionFailedError"><![CDATA[org.opentest4j.AssertionFailedError: expected: <0.0> but was: <3.5199580940629076>
	at org.junit.jupiter.api.AssertionFailureBuilder.build(AssertionFailureBuilder.java:151)
	at org.junit.jupiter.api.AssertionFailureBuilder.buildAndThrow(AssertionFailureBuilder.java:132)
	at org.junit.jupiter.api.AssertEquals.failNotEqual(AssertEquals.java:197)
	at org.junit.jupiter.api.AssertEquals.assertEquals(AssertEquals.java:86)
	at org.junit.jupiter.api.AssertEquals.assertEquals(AssertEquals.java:81)
	at org.junit.jupiter.api.Assertions.assertEquals(Assertions.java:1014)
	at second_degree_equation.EquationSolverTest.testSolve_a_tres_proche_de_zero__b_grand_positif__c_proche_de_0_positif_(EquationSolverTest.java:1576)
	at java.base/java.lang.reflect.Method.invoke(Method.java:568)
	at java.base/java.util.ArrayList.forEach(ArrayList.java:1511)
	at java.base/java.util.ArrayList.forEach(ArrayList.java:1511)
]]></failure>
  </testcase>
  <testcase name="testSolve_a_negatif_grand__b_proche_de_0_negatif__c_tres_proche_de_zero_" classname="second_degree_equation.EquationSolverTest" time="0.008"/>
  <testcase name="testSolve_a_proche_de_0_positif__b_normal_positif__c_proche_de_0_negatif_" classname="second_degree_equation.EquationSolverTest" time="0.004"/>
  <testcase name="testSolve_a_normal_positif__b_tres_proche_de_zero__c_negatif_grand_" classname="second_degree_equation.EquationSolverTest" time="0.002"/>
  <testcase name="testSolve_a_normal_negatif__b_proche_de_0_negatif__c_negatif_grand_" classname="second_degree_equation.EquationSolverTest" time="0.002"/>
  <testcase name="testSolve_a_tres_proche_de_0_negatif__b_negatif_grand__c_tres_proche_de_0_negatif_" classname="second_degree_equation.EquationSolverTest" time="0.002"/>
  <testcase name="testSolve_a_negatif_grand__b_normal_positif__c_tres_proche_de_zero_" classname="second_degree_equation.EquationSolverTest" time="0.004"/>
  <testcase name="testSolve_a_null_b_proche_de_0_negatif__c_tres_proche_de_0_negatif_" classname="second_degree_equation.EquationSolverTest" time="0.002"/>
  <testcase name="testSolve_a_negatif_grand__b_tres_proche_de_zero__c_null" classname="second_degree_equation.EquationSolverTest" time="0.003"/>
  <testcase name="testSolve_a_normal_positif__b_tres_proche_de_0_negatif__c_tres_proche_de_0_negatif_" classname="second_degree_equation.EquationSolverTest" time="0.005"/>
  <testcase name="testSolve_a_grand_positif__b_normal_positif__c_negatif_grand_" classname="second_degree_equation.EquationSolverTest" time="0.004"/>
  <testcase name="testSolve_a_null_b_proche_de_0_positif__c_null" classname="second_degree_equation.EquationSolverTest" time="0.004"/>
  <testcase name="testSolve_a_normal_positif__b_negatif_grand__c_grand_positif_" classname="second_degree_equation.EquationSolverTest" time="0.005">
    <failure message="expected: &lt;0.0&gt; but was: &lt;0.11593431234359741&gt;" type="org.opentest4j.AssertionFailedError"><![CDATA[org.opentest4j.AssertionFailedError: expected: <0.0> but was: <0.11593431234359741>
	at org.junit.jupiter.api.AssertionFailureBuilder.build(AssertionFailureBuilder.java:151)
	at org.junit.jupiter.api.AssertionFailureBuilder.buildAndThrow(AssertionFailureBuilder.java:132)
	at org.junit.jupiter.api.AssertEquals.failNotEqual(AssertEquals.java:197)
	at org.junit.jupiter.api.AssertEquals.assertEquals(AssertEquals.java:86)
	at org.junit.jupiter.api.AssertEquals.assertEquals(AssertEquals.java:81)
	at org.junit.jupiter.api.Assertions.assertEquals(Assertions.java:1014)
	at second_degree_equation.EquationSolverTest.testSolve_a_normal_positif__b_negatif_grand__c_grand_positif_(EquationSolverTest.java:168)
	at java.base/java.lang.reflect.Method.invoke(Method.java:568)
	at java.base/java.util.ArrayList.forEach(ArrayList.java:1511)
	at java.base/java.util.ArrayList.forEach(ArrayList.java:1511)
]]></failure>
  </testcase>
  <testcase name="testSolve_a_grand_positif__b_normal_negatif__c_normal_positif_" classname="second_degree_equation.EquationSolverTest" time="0.003"/>
  <testcase name="testSolve_a_normal_positif__b_null_c_normal_positif_" classname="second_degree_equation.EquationSolverTest" time="0.006"/>
  <testcase name="testSolve_a_tres_proche_de_zero__b_normal_negatif__c_tres_proche_de_zero_" classname="second_degree_equation.EquationSolverTest" time="0.003"/>
  <testcase name="testSolve_a_proche_de_0_negatif__b_grand_positif__c_tres_proche_de_0_negatif_" classname="second_degree_equation.EquationSolverTest" time="0.002"/>
  <testcase name="testSolve_a_normal_negatif__b_tres_proche_de_0_negatif__c_proche_de_0_positif_" classname="second_degree_equation.EquationSolverTest" time="0.003"/>
  <testcase name="testSolve_a_proche_de_0_positif__b_negatif_grand__c_negatif_grand_" classname="second_degree_equation.EquationSolverTest" time="0.006">
    <failure message="expected: &lt;0.0&gt; but was: &lt;0.13335251808166504&gt;" type="org.opentest4j.AssertionFailedError"><![CDATA[org.opentest4j.AssertionFailedError: expected: <0.0> but was: <0.13335251808166504>
	at org.junit.jupiter.api.AssertionFailureBuilder.build(AssertionFailureBuilder.java:151)
	at org.junit.jupiter.api.AssertionFailureBuilder.buildAndThrow(AssertionFailureBuilder.java:132)
	at org.junit.jupiter.api.AssertEquals.failNotEqual(AssertEquals.java:197)
	at org.junit.jupiter.api.AssertEquals.assertEquals(AssertEquals.java:86)
	at org.junit.jupiter.api.AssertEquals.assertEquals(AssertEquals.java:81)
	at org.junit.jupiter.api.Assertions.assertEquals(Assertions.java:1014)
	at second_degree_equation.EquationSolverTest.testSolve_a_proche_de_0_positif__b_negatif_grand__c_negatif_grand_(EquationSolverTest.java:652)
	at java.base/java.lang.reflect.Method.invoke(Method.java:568)
	at java.base/java.util.ArrayList.forEach(ArrayList.java:1511)
	at java.base/java.util.ArrayList.forEach(ArrayList.java:1511)
]]></failure>
  </testcase>
  <testcase name="testSolve_a_null_b_normal_positif__c_proche_de_0_positif_" classname="second_degree_equation.EquationSolverTest" time="0.002"/>
  <testcase name="testSolve_a_tres_proche_de_0_negatif__b_normal_negatif__c_normal_negatif_" classname="second_degree_equation.EquationSolverTest" time="0.004"/>
  <testcase name="testSolve_a_negatif_grand__b_grand_positif__c_negatif_grand_" classname="second_degree_equation.EquationSolverTest" time="0.005"/>
  <testcase name="testSolve_a_grand_positif__b_tres_proche_de_0_negatif__c_null" classname="second_degree_equation.EquationSolverTest" time="0.002"/>
  <testcase name="testSolve_a_normal_positif__b_proche_de_0_negatif__c_proche_de_0_negatif_" classname="second_degree_equation.EquationSolverTest" time="0.005"/>
  <testcase name="testSolve_a_proche_de_0_positif__b_tres_proche_de_zero__c_tres_proche_de_0_negatif_" classname="second_degree_equation.EquationSolverTest" time="0.002"/>
  <testcase name="testSolve_a_proche_de_0_positif__b_normal_negatif__c_proche_de_0_positif_" classname="second_degree_equation.EquationSolverTest" time="0.002"/>
  <testcase name="testSolve_a_tres_proche_de_zero__b_tres_proche_de_zero__c_normal_positif_" classname="second_degree_equation.EquationSolverTest" time="0.006"/>
  <testcase name="testSolve_a_grand_positif__b_proche_de_0_negatif__c_tres_proche_de_0_negatif_" classname="second_degree_equation.EquationSolverTest" time="0.004"/>
  <testcase name="testSolve_a_proche_de_0_negatif__b_tres_proche_de_0_negatif__c_normal_negatif_" classname="second_degree_equation.EquationSolverTest" time="0.002"/>
  <testcase name="testSolve_a_null_b_null_c_negatif_grand_" classname="second_degree_equation.EquationSolverTest" time="0.003"/>
  <testcase name="testSolve_a_proche_de_0_positif__b_tres_proche_de_0_negatif__c_proche_de_0_negatif_" classname="second_degree_equation.EquationSolverTest" time="0.002"/>
  <testcase name="testSolve_a_negatif_grand__b_tres_proche_de_0_negatif__c_proche_de_0_negatif_" classname="second_degree_equation.EquationSolverTest" time="0.002"/>
  <testcase name="testSolve_a_null_b_tres_proche_de_zero__c_normal_negatif_" classname="second_degree_equation.EquationSolverTest" time="0.004"/>
  <testcase name="testSolve_a_tres_proche_de_zero__b_proche_de_0_negatif__c_normal_negatif_" classname="second_degree_equation.EquationSolverTest" time="0.002"/>
  <testcase name="testSolve_a_grand_positif__b_negatif_grand__c_proche_de_0_positif_" classname="second_degree_equation.EquationSolverTest" time="0.001"/>
  <testcase name="testSolve_a_grand_positif__b_tres_proche_de_0_negatif__c_proche_de_0_negatif_" classname="second_degree_equation.EquationSolverTest" time="0.003"/>
  <testcase name="testSolve_a_normal_positif__b_grand_positif__c_normal_positif_" classname="second_degree_equation.EquationSolverTest" time="0.006">
    <failure message="expected: &lt;0.0&gt; but was: &lt;0.010439884443258052&gt;" type="org.opentest4j.AssertionFailedError"><![CDATA[org.opentest4j.AssertionFailedError: expected: <0.0> but was: <0.010439884443258052>
	at org.junit.jupiter.api.AssertionFailureBuilder.build(AssertionFailureBuilder.java:151)
	at org.junit.jupiter.api.AssertionFailureBuilder.buildAndThrow(AssertionFailureBuilder.java:132)
	at org.junit.jupiter.api.AssertEquals.failNotEqual(AssertEquals.java:197)
	at org.junit.jupiter.api.AssertEquals.assertEquals(AssertEquals.java:86)
	at org.junit.jupiter.api.AssertEquals.assertEquals(AssertEquals.java:81)
	at org.junit.jupiter.api.Assertions.assertEquals(Assertions.java:1014)
	at second_degree_equation.EquationSolverTest.testSolve_a_normal_positif__b_grand_positif__c_normal_positif_(EquationSolverTest.java:1950)
	at java.base/java.lang.reflect.Method.invoke(Method.java:568)
	at java.base/java.util.ArrayList.forEach(ArrayList.java:1511)
	at java.base/java.util.ArrayList.forEach(ArrayList.java:1511)
]]></failure>
  </testcase>
  <testcase name="testSolve_a_grand_positif__b_grand_positif__c_normal_negatif_" classname="second_degree_equation.EquationSolverTest" time="0.007"/>
  <testcase name="testSolve_a_proche_de_0_positif__b_proche_de_0_positif__c_normal_negatif_" classname="second_degree_equation.EquationSolverTest" time="0.003"/>
  <testcase name="testSolve_a_grand_positif__b_grand_positif__c_tres_proche_de_zero_" classname="second_degree_equation.EquationSolverTest" time="0.002"/>
  <testcase name="testSolve_a_null_b_normal_negatif__c_grand_positif_" classname="second_degree_equation.EquationSolverTest" time="0.003"/>
  <testcase name="testSolve_a_proche_de_0_negatif__b_tres_proche_de_0_negatif__c_tres_proche_de_zero_" classname="second_degree_equation.EquationSolverTest" time="0.004"/>
  <testcase name="testSolve_a_tres_proche_de_0_negatif__b_normal_positif__c_normal_positif_" classname="second_degree_equation.EquationSolverTest" time="0.003"/>
  <testcase name="testSolve_a_normal_positif__b_proche_de_0_positif__c_tres_proche_de_zero_" classname="second_degree_equation.EquationSolverTest" time="0.005"/>
  <testcase name="testSolve_a_null_b_grand_positif__c_proche_de_0_negatif_" classname="second_degree_equation.EquationSolverTest" time="0.002"/>
  <testcase name="testSolve_a_normal_positif__b_tres_proche_de_zero__c_proche_de_0_positif_" classname="second_degree_equation.EquationSolverTest" time="0.003"/>
  <testcase name="testSolve_a_proche_de_0_negatif__b_normal_negatif__c_negatif_grand_" classname="second_degree_equation.EquationSolverTest" time="0.002"/>
  <testcase name="testSolve_a_proche_de_0_negatif__b_proche_de_0_negatif__c_normal_positif_" classname="second_degree_equation.EquationSolverTest" time="0.002"/>
  <testcase name="testSolve_a_proche_de_0_negatif__b_proche_de_0_positif__c_proche_de_0_negatif_" classname="second_degree_equation.EquationSolverTest" time="0.002"/>
  <testcase name="testSolve_a_tres_proche_de_zero__b_tres_proche_de_0_negatif__c_grand_positif_" classname="second_degree_equation.EquationSolverTest" time="0.003"/>
  <testcase name="testSolve_a_tres_proche_de_0_negatif__b_tres_proche_de_zero__c_tres_proche_de_zero_" classname="second_degree_equation.EquationSolverTest" time="0.003"/>
  <testcase name="testSolve_a_tres_proche_de_zero__b_null_c_null" classname="second_degree_equation.EquationSolverTest" time="0.002"/>
  <testcase name="testSolve_a_tres_proche_de_zero__b_negatif_grand__c_proche_de_0_negatif_" classname="second_degree_equation.EquationSolverTest" time="0.002">
    <failure message="expected: &lt;0.0&gt; but was: &lt;-3.2864955170410344&gt;" type="org.opentest4j.AssertionFailedError"><![CDATA[org.opentest4j.AssertionFailedError: expected: <0.0> but was: <-3.2864955170410344>
	at org.junit.jupiter.api.AssertionFailureBuilder.build(AssertionFailureBuilder.java:151)
	at org.junit.jupiter.api.AssertionFailureBuilder.buildAndThrow(AssertionFailureBuilder.java:132)
	at org.junit.jupiter.api.AssertEquals.failNotEqual(AssertEquals.java:197)
	at org.junit.jupiter.api.AssertEquals.assertEquals(AssertEquals.java:86)
	at org.junit.jupiter.api.AssertEquals.assertEquals(AssertEquals.java:81)
	at org.junit.jupiter.api.Assertions.assertEquals(Assertions.java:1014)
	at second_degree_equation.EquationSolverTest.testSolve_a_tres_proche_de_zero__b_negatif_grand__c_proche_de_0_negatif_(EquationSolverTest.java:1092)
	at java.base/java.lang.reflect.Method.invoke(Method.java:568)
	at java.base/java.util.ArrayList.forEach(ArrayList.java:1511)
	at java.base/java.util.ArrayList.forEach(ArrayList.java:1511)
]]></failure>
  </testcase>
  <testcase name="testSolve_a_normal_negatif__b_tres_proche_de_zero__c_proche_de_0_negatif_" classname="second_degree_equation.EquationSolverTest" time="0.002"/>
  <testcase name="testSolve_a_normal_negatif__b_normal_positif__c_null" classname="second_degree_equation.EquationSolverTest" time="0.001"/>
  <testcase name="testSolve_a_grand_positif__b_null_c_grand_positif_" classname="second_degree_equation.EquationSolverTest" time="0.002"/>
  <testcase name="testSolve_a_null_b_negatif_grand__c_tres_proche_de_zero_" classname="second_degree_equation.EquationSolverTest" time="0.001"/>
  <testcase name="testSolve_a_tres_proche_de_0_negatif__b_tres_proche_de_0_negatif__c_negatif_grand_" classname="second_degree_equation.EquationSolverTest" time="0.002"/>
  <testcase name="testSolve_a_grand_positif__b_proche_de_0_positif__c_proche_de_0_positif_" classname="second_degree_equation.EquationSolverTest" time="0.001"/>
  <testcase name="testSolve_a_tres_proche_de_zero__b_normal_positif__c_tres_proche_de_0_negatif_" classname="second_degree_equation.EquationSolverTest" time="0.002"/>
  <testcase name="testSolve_a_grand_positif__b_tres_proche_de_zero__c_negatif_grand_" classname="second_degree_equation.EquationSolverTest" time="0.002"/>
  <testcase name="testSolve_a_normal_positif__b_normal_positif__c_normal_negatif_" classname="second_degree_equation.EquationSolverTest" time="0.002"/>
  <testcase name="testSolve_a_tres_proche_de_0_negatif__b_proche_de_0_negatif__c_proche_de_0_positif_" classname="second_degree_equation.EquationSolverTest" time="0.002"/>
  <testcase name="testSolve_a_negatif_grand__b_null_c_tres_proche_de_0_negatif_" classname="second_degree_equation.EquationSolverTest" time="0.002"/>
  <testcase name="testSolve_a_proche_de_0_positif__b_null_c_tres_proche_de_zero_" classname="second_degree_equation.EquationSolverTest" time="0.002"/>
  <testcase name="testSolve_a_negatif_grand__b_negatif_grand__c_normal_positif_" classname="second_degree_equation.EquationSolverTest" time="0.002"/>
  <testcase name="testSolve_a_proche_de_0_negatif__b_negatif_grand__c_null" classname="second_degree_equation.EquationSolverTest" time="0.002"/>
  <testcase name="testSolve_a_normal_negatif__b_proche_de_0_positif__c_normal_positif_" classname="second_degree_equation.EquationSolverTest" time="0.002"/>
  <testcase name="testSolve_a_proche_de_0_positif__b_proche_de_0_negatif__c_null" classname="second_degree_equation.EquationSolverTest" time="0.002"/>
  <testcase name="testSolve_a_negatif_grand__b_negatif_grand__c_normal_negatif_" classname="second_degree_equation.EquationSolverTest" time="0.002"/>
  <testcase name="testSolve_a_proche_de_0_positif__b_grand_positif__c_normal_positif_" classname="second_degree_equation.EquationSolverTest" time="0.003">
    <failure message="expected: &lt;0.0&gt; but was: &lt;-5.6562651404443045&gt;" type="org.opentest4j.AssertionFailedError"><![CDATA[org.opentest4j.AssertionFailedError: expected: <0.0> but was: <-5.6562651404443045>
	at org.junit.jupiter.api.AssertionFailureBuilder.build(AssertionFailureBuilder.java:151)
	at org.junit.jupiter.api.AssertionFailureBuilder.buildAndThrow(AssertionFailureBuilder.java:132)
	at org.junit.jupiter.api.AssertEquals.failNotEqual(AssertEquals.java:197)
	at org.junit.jupiter.api.AssertEquals.assertEquals(AssertEquals.java:86)
	at org.junit.jupiter.api.AssertEquals.assertEquals(AssertEquals.java:81)
	at org.junit.jupiter.api.Assertions.assertEquals(Assertions.java:1014)
	at second_degree_equation.EquationSolverTest.testSolve_a_proche_de_0_positif__b_grand_positif__c_normal_positif_(EquationSolverTest.java:1246)
	at java.base/java.lang.reflect.Method.invoke(Method.java:568)
	at java.base/java.util.ArrayList.forEach(ArrayList.java:1511)
	at java.base/java.util.ArrayList.forEach(ArrayList.java:1511)
]]></failure>
  </testcase>
  <testcase name="testSolve_a_tres_proche_de_0_negatif__b_normal_positif__c_grand_positif_" classname="second_degree_equation.EquationSolverTest" time="0.002"/>
  <testcase name="testSolve_a_normal_negatif__b_negatif_grand__c_tres_proche_de_zero_" classname="second_degree_equation.EquationSolverTest" time="0.002"/>
  <testcase name="testSolve_a_negatif_grand__b_normal_negatif__c_proche_de_0_positif_" classname="second_degree_equation.EquationSolverTest" time="0.002"/>
  <testcase name="testSolve_a_null_b_tres_proche_de_0_negatif__c_normal_positif_" classname="second_degree_equation.EquationSolverTest" time="0.002"/>
  <testcase name="testSolve_a_proche_de_0_negatif__b_tres_proche_de_zero__c_grand_positif_" classname="second_degree_equation.EquationSolverTest" time="0.002"/>
</testsuite>