<?xml version="1.0" encoding="UTF-8"?>
<testsuite xmlns:xsi="http://www.w3.org/2001/XMLSchema-instance" xsi:noNamespaceSchemaLocation="https://maven.apache.org/surefire/maven-surefire-plugin/xsd/surefire-test-report-3.0.xsd" version="3.0" name="second_degree_equation.RunCucumberTest" time="54.961" tests="6" errors="3" skipped="0" failures="2">
  <properties>
[...]
</properties>
  <testcase name="Accès à la page de saisi des nombres" classname="Resolution d&apos;equation second degree" time="4.308">
    <system-out><![CDATA[
Scenario: Accès à la page de saisi des nombres                                &amp#27;[90m# second_degree_equation/equation.feature:3&amp#27;[0m
  &amp#27;[32mGiven &amp#27;[0m&amp#27;[32mJ'accède au site &amp#27;[0m&amp#27;[32m&amp#27;[1m"http://localhost:8080/second_degree_equation-1.0.0"&amp#27;[0m &amp#27;[90m# second_degree_equation.StepDefinitions.j_accède_au_site(java.lang.String)&amp#27;[0m
  &amp#27;[32mThen &amp#27;[0m&amp#27;[32mJe devrais voir le formulaire &amp#27;[0m&amp#27;[32m&amp#27;[1m"equation_form"&amp#27;[0m                          &amp#27;[90m# second_degree_equation.StepDefinitions.je_devrais_voir_le_formulaire(java.lang.String)&amp#27;[0m
]]></system-out>
  </testcase>
  <testcase name="Example #1.1" classname="Examples" time="4.632">
    <failure message="expected: &lt;true&gt; but was: &lt;false&gt;" type="org.opentest4j.AssertionFailedError"><![CDATA[org.opentest4j.AssertionFailedError: expected: <true> but was: <false>
	at second_degree_equation.StepDefinitions.je_devrais_etre_redirigé_sur_la_page_avec_les_resultats(StepDefinitions.java:62)
	at ✽.je devrais etre redirigé sur la page "http://localhost:8080/second_degree_equation-1.0.0/api" avec les resultats "<résultat>"(classpath:second_degree_equation/equation.feature:14)
]]></failure>
    <system-out><![CDATA[
Scenario Outline: Saisie des coefficients et résolution de l'équation                                                                &amp#27;[90m# second_degree_equation/equation.feature:18&amp#27;[0m
  &amp#27;[32mGiven &amp#27;[0m&amp#27;[32mJ'accède au site &amp#27;[0m&amp#27;[32m&amp#27;[1m"http://localhost:8080/second_degree_equation-1.0.0"&amp#27;[0m                                                        &amp#27;[90m# second_degree_equation.StepDefinitions.j_accède_au_site(java.lang.String)&amp#27;[0m
  &amp#27;[32mWhen &amp#27;[0m&amp#27;[32mJe saisis &amp#27;[0m&amp#27;[32m&amp#27;[1m"2"&amp#27;[0m&amp#27;[32m dans le champ &amp#27;[0m&amp#27;[32m&amp#27;[1m"a"&amp#27;[0m                                                                                               &amp#27;[90m# second_degree_equation.StepDefinitions.je_saisis_dans_le_champ(java.lang.String,java.lang.String)&amp#27;[0m
  &amp#27;[32mAnd &amp#27;[0m&amp#27;[32mJe saisis &amp#27;[0m&amp#27;[32m&amp#27;[1m"5"&amp#27;[0m&amp#27;[32m dans le champ &amp#27;[0m&amp#27;[32m&amp#27;[1m"b"&amp#27;[0m                                                                                                &amp#27;[90m# second_degree_equation.StepDefinitions.je_saisis_dans_le_champ(java.lang.String,java.lang.String)&amp#27;[0m
  &amp#27;[32mAnd &amp#27;[0m&amp#27;[32mJe saisis &amp#27;[0m&amp#27;[32m&amp#27;[1m"3"&amp#27;[0m&amp#27;[32m dans le champ &amp#27;[0m&amp#27;[32m&amp#27;[1m"c"&amp#27;[0m                                                                                                &amp#27;[90m# second_degree_equation.StepDefinitions.je_saisis_dans_le_champ(java.lang.String,java.lang.String)&amp#27;[0m
  &amp#27;[32mAnd &amp#27;[0m&amp#27;[32mJe clique sur le bouton&amp#27;[0m                                                                                                        &amp#27;[90m# second_degree_equation.StepDefinitions.je_clique_sur_le_bouton()&amp#27;[0m
  &amp#27;[31mThen &amp#27;[0m&amp#27;[31mje devrais etre redirigé sur la page &amp#27;[0m&amp#27;[31m&amp#27;[1m"http://localhost:8080/second_degree_equation-1.0.0/api"&amp#27;[0m&amp#27;[31m avec les resultats &amp#27;[0m&amp#27;[31m&amp#27;[1m"<résultat>"&amp#27;[0m &amp#27;[90m# second_degree_equation.StepDefinitions.je_devrais_etre_redirigé_sur_la_page_avec_les_resultats(java.lang.String,java.lang.String)&amp#27;[0m
      &amp#27;[31morg.opentest4j.AssertionFailedError: expected: <true> but was: <false>
	at org.junit.jupiter.api.AssertionFailureBuilder.build(AssertionFailureBuilder.java:151)
	at org.junit.jupiter.api.AssertionFailureBuilder.buildAndThrow(AssertionFailureBuilder.java:132)
	at org.junit.jupiter.api.AssertTrue.failNotTrue(AssertTrue.java:63)
	at org.junit.jupiter.api.AssertTrue.assertTrue(AssertTrue.java:36)
	at org.junit.jupiter.api.AssertTrue.assertTrue(AssertTrue.java:31)
	at org.junit.jupiter.api.Assertions.assertTrue(Assertions.java:183)
	at second_degree_equation.StepDefinitions.je_devrais_etre_redirigé_sur_la_page_avec_les_resultats(StepDefinitions.java:62)
	at ✽.je devrais etre redirigé sur la page "http://localhost:8080/second_degree_equation-1.0.0/api" avec les resultats "<résultat>"(classpath:second_degree_equation/equation.feature:14)
&amp#27;[0m
]]></system-out>
  </testcase>
  <testcase name="Example #1.2" classname="Examples" time="13.978">
    <error message="Expected condition failed: waiting for visibility of element located by By.id: roots (tried for 10 second(s) with 500 milliseconds interval)&#10;Build info: version: &apos;4.17.0&apos;, revision: &apos;e52b1be057*&apos;&#10;System info: os.name: &apos;Linux&apos;, os.arch: &apos;amd64&apos;, os.version: &apos;6.5.0-14-generic&apos;, java.version: &apos;17.0.9&apos;&#10;Driver info: org.openqa.selenium.chrome.ChromeDriver&#10;Capabilities {acceptInsecureCerts: false, browserName: chrome, browserVersion: 120.0.6099.129, chrome: {chromedriverVersion: 120.0.6099.109 (3419140ab66..., userDataDir: /tmp/.org.chromium.Chromium...}, fedcm:accounts: true, goog:chromeOptions: {debuggerAddress: localhost:36195}, networkConnectionEnabled: false, pageLoadStrategy: normal, platformName: linux, proxy: Proxy(), se:cdp: ws://localhost:36195/devtoo..., se:cdpVersion: 120.0.6099.129, setWindowRect: true, strictFileInteractability: false, timeouts: {implicit: 0, pageLoad: 300000, script: 30000}, unhandledPromptBehavior: dismiss and notify, webauthn:extension:credBlob: true, webauthn:extension:largeBlob: true, webauthn:extension:minPinLength: true, webauthn:extension:prf: true, webauthn:virtualAuthenticators: true}&#10;Session ID: 067804b4c4d23fcc716f99b8cd9f4202" type="org.openqa.selenium.TimeoutException"><![CDATA[org.openqa.selenium.TimeoutException: 
Expected condition failed: waiting for visibility of element located by By.id: roots (tried for 10 second(s) with 500 milliseconds interval)
Build info: version: '4.17.0', revision: 'e52b1be057*'
System info: os.name: 'Linux', os.arch: 'amd64', os.version: '6.5.0-14-generic', java.version: '17.0.9'
Driver info: org.openqa.selenium.chrome.ChromeDriver
Capabilities {acceptInsecureCerts: false, browserName: chrome, browserVersion: 120.0.6099.129, chrome: {chromedriverVersion: 120.0.6099.109 (3419140ab66..., userDataDir: /tmp/.org.chromium.Chromium...}, fedcm:accounts: true, goog:chromeOptions: {debuggerAddress: localhost:36195}, networkConnectionEnabled: false, pageLoadStrategy: normal, platformName: linux, proxy: Proxy(), se:cdp: ws://localhost:36195/devtoo..., se:cdpVersion: 120.0.6099.129, setWindowRect: true, strictFileInteractability: false, timeouts: {implicit: 0, pageLoad: 300000, script: 30000}, unhandledPromptBehavior: dismiss and notify, webauthn:extension:credBlob: true, webauthn:extension:largeBlob: true, webauthn:extension:minPinLength: true, webauthn:extension:prf: true, webauthn:virtualAuthenticators: true}
Session ID: 067804b4c4d23fcc716f99b8cd9f4202
	at org.openqa.selenium.support.ui.WebDriverWait.timeoutException(WebDriverWait.java:84)
	at org.openqa.selenium.support.ui.FluentWait.until(FluentWait.java:228)
	at second_degree_equation.StepDefinitions.je_devrais_etre_redirigé_sur_la_page_avec_les_resultats(StepDefinitions.java:58)
	at ✽.je devrais etre redirigé sur la page "http://localhost:8080/second_degree_equation-1.0.0/api" avec les resultats "<résultat>"(classpath:second_degree_equation/equation.feature:14)
]]></error>
    <system-out><![CDATA[
Scenario Outline: Saisie des coefficients et résolution de l'équation                                                                &amp#27;[90m# second_degree_equation/equation.feature:19&amp#27;[0m
  &amp#27;[32mGiven &amp#27;[0m&amp#27;[32mJ'accède au site &amp#27;[0m&amp#27;[32m&amp#27;[1m"http://localhost:8080/second_degree_equation-1.0.0"&amp#27;[0m                                                        &amp#27;[90m# second_degree_equation.StepDefinitions.j_accède_au_site(java.lang.String)&amp#27;[0m
  &amp#27;[32mWhen &amp#27;[0m&amp#27;[32mJe saisis &amp#27;[0m&amp#27;[32m&amp#27;[1m"1"&amp#27;[0m&amp#27;[32m dans le champ &amp#27;[0m&amp#27;[32m&amp#27;[1m"a"&amp#27;[0m                                                                                               &amp#27;[90m# second_degree_equation.StepDefinitions.je_saisis_dans_le_champ(java.lang.String,java.lang.String)&amp#27;[0m
  &amp#27;[32mAnd &amp#27;[0m&amp#27;[32mJe saisis &amp#27;[0m&amp#27;[32m&amp#27;[1m"1"&amp#27;[0m&amp#27;[32m dans le champ &amp#27;[0m&amp#27;[32m&amp#27;[1m"b"&amp#27;[0m                                                                                                &amp#27;[90m# second_degree_equation.StepDefinitions.je_saisis_dans_le_champ(java.lang.String,java.lang.String)&amp#27;[0m
  &amp#27;[32mAnd &amp#27;[0m&amp#27;[32mJe saisis &amp#27;[0m&amp#27;[32m&amp#27;[1m"1"&amp#27;[0m&amp#27;[32m dans le champ &amp#27;[0m&amp#27;[32m&amp#27;[1m"c"&amp#27;[0m                                                                                                &amp#27;[90m# second_degree_equation.StepDefinitions.je_saisis_dans_le_champ(java.lang.String,java.lang.String)&amp#27;[0m
  &amp#27;[32mAnd &amp#27;[0m&amp#27;[32mJe clique sur le bouton&amp#27;[0m                                                                                                        &amp#27;[90m# second_degree_equation.StepDefinitions.je_clique_sur_le_bouton()&amp#27;[0m
  &amp#27;[31mThen &amp#27;[0m&amp#27;[31mje devrais etre redirigé sur la page &amp#27;[0m&amp#27;[31m&amp#27;[1m"http://localhost:8080/second_degree_equation-1.0.0/api"&amp#27;[0m&amp#27;[31m avec les resultats &amp#27;[0m&amp#27;[31m&amp#27;[1m"<résultat>"&amp#27;[0m &amp#27;[90m# second_degree_equation.StepDefinitions.je_devrais_etre_redirigé_sur_la_page_avec_les_resultats(java.lang.String,java.lang.String)&amp#27;[0m
      &amp#27;[31morg.openqa.selenium.TimeoutException: Expected condition failed: waiting for visibility of element located by By.id: roots (tried for 10 second(s) with 500 milliseconds interval)
Build info: version: '4.17.0', revision: 'e52b1be057*'
System info: os.name: 'Linux', os.arch: 'amd64', os.version: '6.5.0-14-generic', java.version: '17.0.9'
Driver info: org.openqa.selenium.chrome.ChromeDriver
Capabilities {acceptInsecureCerts: false, browserName: chrome, browserVersion: 120.0.6099.129, chrome: {chromedriverVersion: 120.0.6099.109 (3419140ab66..., userDataDir: /tmp/.org.chromium.Chromium...}, fedcm:accounts: true, goog:chromeOptions: {debuggerAddress: localhost:36195}, networkConnectionEnabled: false, pageLoadStrategy: normal, platformName: linux, proxy: Proxy(), se:cdp: ws://localhost:36195/devtoo..., se:cdpVersion: 120.0.6099.129, setWindowRect: true, strictFileInteractability: false, timeouts: {implicit: 0, pageLoad: 300000, script: 30000}, unhandledPromptBehavior: dismiss and notify, webauthn:extension:credBlob: true, webauthn:extension:largeBlob: true, webauthn:extension:minPinLength: true, webauthn:extension:prf: true, webauthn:virtualAuthenticators: true}
Session ID: 067804b4c4d23fcc716f99b8cd9f4202
	at org.openqa.selenium.support.ui.WebDriverWait.timeoutException(WebDriverWait.java:84)
	at org.openqa.selenium.support.ui.FluentWait.until(FluentWait.java:228)
	at second_degree_equation.StepDefinitions.je_devrais_etre_redirigé_sur_la_page_avec_les_resultats(StepDefinitions.java:58)
	at ✽.je devrais etre redirigé sur la page "http://localhost:8080/second_degree_equation-1.0.0/api" avec les resultats "<résultat>"(classpath:second_degree_equation/equation.feature:14)
&amp#27;[0m
]]></system-out>
  </testcase>
  <testcase name="Example #1.3" classname="Examples" time="13.517">
    <error message="Expected condition failed: waiting for visibility of element located by By.id: roots (tried for 10 second(s) with 500 milliseconds interval)&#10;Build info: version: &apos;4.17.0&apos;, revision: &apos;e52b1be057*&apos;&#10;System info: os.name: &apos;Linux&apos;, os.arch: &apos;amd64&apos;, os.version: &apos;6.5.0-14-generic&apos;, java.version: &apos;17.0.9&apos;&#10;Driver info: org.openqa.selenium.chrome.ChromeDriver&#10;Capabilities {acceptInsecureCerts: false, browserName: chrome, browserVersion: 120.0.6099.129, chrome: {chromedriverVersion: 120.0.6099.109 (3419140ab66..., userDataDir: /tmp/.org.chromium.Chromium...}, fedcm:accounts: true, goog:chromeOptions: {debuggerAddress: localhost:38515}, networkConnectionEnabled: false, pageLoadStrategy: normal, platformName: linux, proxy: Proxy(), se:cdp: ws://localhost:38515/devtoo..., se:cdpVersion: 120.0.6099.129, setWindowRect: true, strictFileInteractability: false, timeouts: {implicit: 0, pageLoad: 300000, script: 30000}, unhandledPromptBehavior: dismiss and notify, webauthn:extension:credBlob: true, webauthn:extension:largeBlob: true, webauthn:extension:minPinLength: true, webauthn:extension:prf: true, webauthn:virtualAuthenticators: true}&#10;Session ID: 0d1320c6e875e8a2656fa8486a51ae97" type="org.openqa.selenium.TimeoutException"><![CDATA[org.openqa.selenium.TimeoutException: 
Expected condition failed: waiting for visibility of element located by By.id: roots (tried for 10 second(s) with 500 milliseconds interval)
Build info: version: '4.17.0', revision: 'e52b1be057*'
System info: os.name: 'Linux', os.arch: 'amd64', os.version: '6.5.0-14-generic', java.version: '17.0.9'
Driver info: org.openqa.selenium.chrome.ChromeDriver
Capabilities {acceptInsecureCerts: false, browserName: chrome, browserVersion: 120.0.6099.129, chrome: {chromedriverVersion: 120.0.6099.109 (3419140ab66..., userDataDir: /tmp/.org.chromium.Chromium...}, fedcm:accounts: true, goog:chromeOptions: {debuggerAddress: localhost:38515}, networkConnectionEnabled: false, pageLoadStrategy: normal, platformName: linux, proxy: Proxy(), se:cdp: ws://localhost:38515/devtoo..., se:cdpVersion: 120.0.6099.129, setWindowRect: true, strictFileInteractability: false, timeouts: {implicit: 0, pageLoad: 300000, script: 30000}, unhandledPromptBehavior: dismiss and notify, webauthn:extension:credBlob: true, webauthn:extension:largeBlob: true, webauthn:extension:minPinLength: true, webauthn:extension:prf: true, webauthn:virtualAuthenticators: true}
Session ID: 0d1320c6e875e8a2656fa8486a51ae97
	at org.openqa.selenium.support.ui.WebDriverWait.timeoutException(WebDriverWait.java:84)
	at org.openqa.selenium.support.ui.FluentWait.until(FluentWait.java:228)
	at second_degree_equation.StepDefinitions.je_devrais_etre_redirigé_sur_la_page_avec_les_resultats(StepDefinitions.java:58)
	at ✽.je devrais etre redirigé sur la page "http://localhost:8080/second_degree_equation-1.0.0/api" avec les resultats "<résultat>"(classpath:second_degree_equation/equation.feature:14)
]]></error>
    <system-out><![CDATA[
Scenario Outline: Saisie des coefficients et résolution de l'équation                                                                &amp#27;[90m# second_degree_equation/equation.feature:20&amp#27;[0m
  &amp#27;[32mGiven &amp#27;[0m&amp#27;[32mJ'accède au site &amp#27;[0m&amp#27;[32m&amp#27;[1m"http://localhost:8080/second_degree_equation-1.0.0"&amp#27;[0m                                                        &amp#27;[90m# second_degree_equation.StepDefinitions.j_accède_au_site(java.lang.String)&amp#27;[0m
  &amp#27;[32mWhen &amp#27;[0m&amp#27;[32mJe saisis &amp#27;[0m&amp#27;[32m&amp#27;[1m"0"&amp#27;[0m&amp#27;[32m dans le champ &amp#27;[0m&amp#27;[32m&amp#27;[1m"a"&amp#27;[0m                                                                                               &amp#27;[90m# second_degree_equation.StepDefinitions.je_saisis_dans_le_champ(java.lang.String,java.lang.String)&amp#27;[0m
  &amp#27;[32mAnd &amp#27;[0m&amp#27;[32mJe saisis &amp#27;[0m&amp#27;[32m&amp#27;[1m"5"&amp#27;[0m&amp#27;[32m dans le champ &amp#27;[0m&amp#27;[32m&amp#27;[1m"b"&amp#27;[0m                                                                                                &amp#27;[90m# second_degree_equation.StepDefinitions.je_saisis_dans_le_champ(java.lang.String,java.lang.String)&amp#27;[0m
  &amp#27;[32mAnd &amp#27;[0m&amp#27;[32mJe saisis &amp#27;[0m&amp#27;[32m&amp#27;[1m"2"&amp#27;[0m&amp#27;[32m dans le champ &amp#27;[0m&amp#27;[32m&amp#27;[1m"c"&amp#27;[0m                                                                                                &amp#27;[90m# second_degree_equation.StepDefinitions.je_saisis_dans_le_champ(java.lang.String,java.lang.String)&amp#27;[0m
  &amp#27;[32mAnd &amp#27;[0m&amp#27;[32mJe clique sur le bouton&amp#27;[0m                                                                                                        &amp#27;[90m# second_degree_equation.StepDefinitions.je_clique_sur_le_bouton()&amp#27;[0m
  &amp#27;[31mThen &amp#27;[0m&amp#27;[31mje devrais etre redirigé sur la page &amp#27;[0m&amp#27;[31m&amp#27;[1m"http://localhost:8080/second_degree_equation-1.0.0/api"&amp#27;[0m&amp#27;[31m avec les resultats &amp#27;[0m&amp#27;[31m&amp#27;[1m"<résultat>"&amp#27;[0m &amp#27;[90m# second_degree_equation.StepDefinitions.je_devrais_etre_redirigé_sur_la_page_avec_les_resultats(java.lang.String,java.lang.String)&amp#27;[0m
      &amp#27;[31morg.openqa.selenium.TimeoutException: Expected condition failed: waiting for visibility of element located by By.id: roots (tried for 10 second(s) with 500 milliseconds interval)
Build info: version: '4.17.0', revision: 'e52b1be057*'
System info: os.name: 'Linux', os.arch: 'amd64', os.version: '6.5.0-14-generic', java.version: '17.0.9'
Driver info: org.openqa.selenium.chrome.ChromeDriver
Capabilities {acceptInsecureCerts: false, browserName: chrome, browserVersion: 120.0.6099.129, chrome: {chromedriverVersion: 120.0.6099.109 (3419140ab66..., userDataDir: /tmp/.org.chromium.Chromium...}, fedcm:accounts: true, goog:chromeOptions: {debuggerAddress: localhost:38515}, networkConnectionEnabled: false, pageLoadStrategy: normal, platformName: linux, proxy: Proxy(), se:cdp: ws://localhost:38515/devtoo..., se:cdpVersion: 120.0.6099.129, setWindowRect: true, strictFileInteractability: false, timeouts: {implicit: 0, pageLoad: 300000, script: 30000}, unhandledPromptBehavior: dismiss and notify, webauthn:extension:credBlob: true, webauthn:extension:largeBlob: true, webauthn:extension:minPinLength: true, webauthn:extension:prf: true, webauthn:virtualAuthenticators: true}
Session ID: 0d1320c6e875e8a2656fa8486a51ae97
	at org.openqa.selenium.support.ui.WebDriverWait.timeoutException(WebDriverWait.java:84)
	at org.openqa.selenium.support.ui.FluentWait.until(FluentWait.java:228)
	at second_degree_equation.StepDefinitions.je_devrais_etre_redirigé_sur_la_page_avec_les_resultats(StepDefinitions.java:58)
	at ✽.je devrais etre redirigé sur la page "http://localhost:8080/second_degree_equation-1.0.0/api" avec les resultats "<résultat>"(classpath:second_degree_equation/equation.feature:14)
&amp#27;[0m
]]></system-out>
  </testcase>
  <testcase name="Example #1.4" classname="Examples" time="3.909">
    <failure message="expected: &lt;true&gt; but was: &lt;false&gt;" type="org.opentest4j.AssertionFailedError"><![CDATA[org.opentest4j.AssertionFailedError: expected: <true> but was: <false>
	at second_degree_equation.StepDefinitions.je_devrais_etre_redirigé_sur_la_page_avec_les_resultats(StepDefinitions.java:62)
	at ✽.je devrais etre redirigé sur la page "http://localhost:8080/second_degree_equation-1.0.0/api" avec les resultats "<résultat>"(classpath:second_degree_equation/equation.feature:14)
]]></failure>
    <system-out><![CDATA[
Scenario Outline: Saisie des coefficients et résolution de l'équation                                                                &amp#27;[90m# second_degree_equation/equation.feature:21&amp#27;[0m
  &amp#27;[32mGiven &amp#27;[0m&amp#27;[32mJ'accède au site &amp#27;[0m&amp#27;[32m&amp#27;[1m"http://localhost:8080/second_degree_equation-1.0.0"&amp#27;[0m                                                        &amp#27;[90m# second_degree_equation.StepDefinitions.j_accède_au_site(java.lang.String)&amp#27;[0m
  &amp#27;[32mWhen &amp#27;[0m&amp#27;[32mJe saisis &amp#27;[0m&amp#27;[32m&amp#27;[1m"4"&amp#27;[0m&amp#27;[32m dans le champ &amp#27;[0m&amp#27;[32m&amp#27;[1m"a"&amp#27;[0m                                                                                               &amp#27;[90m# second_degree_equation.StepDefinitions.je_saisis_dans_le_champ(java.lang.String,java.lang.String)&amp#27;[0m
  &amp#27;[32mAnd &amp#27;[0m&amp#27;[32mJe saisis &amp#27;[0m&amp#27;[32m&amp#27;[1m"0"&amp#27;[0m&amp#27;[32m dans le champ &amp#27;[0m&amp#27;[32m&amp#27;[1m"b"&amp#27;[0m                                                                                                &amp#27;[90m# second_degree_equation.StepDefinitions.je_saisis_dans_le_champ(java.lang.String,java.lang.String)&amp#27;[0m
  &amp#27;[32mAnd &amp#27;[0m&amp#27;[32mJe saisis &amp#27;[0m&amp#27;[32m&amp#27;[1m"0"&amp#27;[0m&amp#27;[32m dans le champ &amp#27;[0m&amp#27;[32m&amp#27;[1m"c"&amp#27;[0m                                                                                                &amp#27;[90m# second_degree_equation.StepDefinitions.je_saisis_dans_le_champ(java.lang.String,java.lang.String)&amp#27;[0m
  &amp#27;[32mAnd &amp#27;[0m&amp#27;[32mJe clique sur le bouton&amp#27;[0m                                                                                                        &amp#27;[90m# second_degree_equation.StepDefinitions.je_clique_sur_le_bouton()&amp#27;[0m
  &amp#27;[31mThen &amp#27;[0m&amp#27;[31mje devrais etre redirigé sur la page &amp#27;[0m&amp#27;[31m&amp#27;[1m"http://localhost:8080/second_degree_equation-1.0.0/api"&amp#27;[0m&amp#27;[31m avec les resultats &amp#27;[0m&amp#27;[31m&amp#27;[1m"<résultat>"&amp#27;[0m &amp#27;[90m# second_degree_equation.StepDefinitions.je_devrais_etre_redirigé_sur_la_page_avec_les_resultats(java.lang.String,java.lang.String)&amp#27;[0m
      &amp#27;[31morg.opentest4j.AssertionFailedError: expected: <true> but was: <false>
	at org.junit.jupiter.api.AssertionFailureBuilder.build(AssertionFailureBuilder.java:151)
	at org.junit.jupiter.api.AssertionFailureBuilder.buildAndThrow(AssertionFailureBuilder.java:132)
	at org.junit.jupiter.api.AssertTrue.failNotTrue(AssertTrue.java:63)
	at org.junit.jupiter.api.AssertTrue.assertTrue(AssertTrue.java:36)
	at org.junit.jupiter.api.AssertTrue.assertTrue(AssertTrue.java:31)
	at org.junit.jupiter.api.Assertions.assertTrue(Assertions.java:183)
	at second_degree_equation.StepDefinitions.je_devrais_etre_redirigé_sur_la_page_avec_les_resultats(StepDefinitions.java:62)
	at ✽.je devrais etre redirigé sur la page "http://localhost:8080/second_degree_equation-1.0.0/api" avec les resultats "<résultat>"(classpath:second_degree_equation/equation.feature:14)
&amp#27;[0m
]]></system-out>
  </testcase>
  <testcase name="Example #1.5" classname="Examples" time="14.292">
    <error message="Expected condition failed: waiting for visibility of element located by By.id: roots (tried for 10 second(s) with 500 milliseconds interval)&#10;Build info: version: &apos;4.17.0&apos;, revision: &apos;e52b1be057*&apos;&#10;System info: os.name: &apos;Linux&apos;, os.arch: &apos;amd64&apos;, os.version: &apos;6.5.0-14-generic&apos;, java.version: &apos;17.0.9&apos;&#10;Driver info: org.openqa.selenium.chrome.ChromeDriver&#10;Capabilities {acceptInsecureCerts: false, browserName: chrome, browserVersion: 120.0.6099.129, chrome: {chromedriverVersion: 120.0.6099.109 (3419140ab66..., userDataDir: /tmp/.org.chromium.Chromium...}, fedcm:accounts: true, goog:chromeOptions: {debuggerAddress: localhost:36475}, networkConnectionEnabled: false, pageLoadStrategy: normal, platformName: linux, proxy: Proxy(), se:cdp: ws://localhost:36475/devtoo..., se:cdpVersion: 120.0.6099.129, setWindowRect: true, strictFileInteractability: false, timeouts: {implicit: 0, pageLoad: 300000, script: 30000}, unhandledPromptBehavior: dismiss and notify, webauthn:extension:credBlob: true, webauthn:extension:largeBlob: true, webauthn:extension:minPinLength: true, webauthn:extension:prf: true, webauthn:virtualAuthenticators: true}&#10;Session ID: abf8ab712efc9944c86fb29190397d3d" type="org.openqa.selenium.TimeoutException"><![CDATA[org.openqa.selenium.TimeoutException: 
Expected condition failed: waiting for visibility of element located by By.id: roots (tried for 10 second(s) with 500 milliseconds interval)
Build info: version: '4.17.0', revision: 'e52b1be057*'
System info: os.name: 'Linux', os.arch: 'amd64', os.version: '6.5.0-14-generic', java.version: '17.0.9'
Driver info: org.openqa.selenium.chrome.ChromeDriver
Capabilities {acceptInsecureCerts: false, browserName: chrome, browserVersion: 120.0.6099.129, chrome: {chromedriverVersion: 120.0.6099.109 (3419140ab66..., userDataDir: /tmp/.org.chromium.Chromium...}, fedcm:accounts: true, goog:chromeOptions: {debuggerAddress: localhost:36475}, networkConnectionEnabled: false, pageLoadStrategy: normal, platformName: linux, proxy: Proxy(), se:cdp: ws://localhost:36475/devtoo..., se:cdpVersion: 120.0.6099.129, setWindowRect: true, strictFileInteractability: false, timeouts: {implicit: 0, pageLoad: 300000, script: 30000}, unhandledPromptBehavior: dismiss and notify, webauthn:extension:credBlob: true, webauthn:extension:largeBlob: true, webauthn:extension:minPinLength: true, webauthn:extension:prf: true, webauthn:virtualAuthenticators: true}
Session ID: abf8ab712efc9944c86fb29190397d3d
	at org.openqa.selenium.support.ui.WebDriverWait.timeoutException(WebDriverWait.java:84)
	at org.openqa.selenium.support.ui.FluentWait.until(FluentWait.java:228)
	at second_degree_equation.StepDefinitions.je_devrais_etre_redirigé_sur_la_page_avec_les_resultats(StepDefinitions.java:58)
	at ✽.je devrais etre redirigé sur la page "http://localhost:8080/second_degree_equation-1.0.0/api" avec les resultats "<résultat>"(classpath:second_degree_equation/equation.feature:14)
]]></error>
    <system-out><![CDATA[
Scenario Outline: Saisie des coefficients et résolution de l'équation                                                                &amp#27;[90m# second_degree_equation/equation.feature:22&amp#27;[0m
  &amp#27;[32mGiven &amp#27;[0m&amp#27;[32mJ'accède au site &amp#27;[0m&amp#27;[32m&amp#27;[1m"http://localhost:8080/second_degree_equation-1.0.0"&amp#27;[0m                                                        &amp#27;[90m# second_degree_equation.StepDefinitions.j_accède_au_site(java.lang.String)&amp#27;[0m
  &amp#27;[32mWhen &amp#27;[0m&amp#27;[32mJe saisis &amp#27;[0m&amp#27;[32m&amp#27;[1m"3"&amp#27;[0m&amp#27;[32m dans le champ &amp#27;[0m&amp#27;[32m&amp#27;[1m"a"&amp#27;[0m                                                                                               &amp#27;[90m# second_degree_equation.StepDefinitions.je_saisis_dans_le_champ(java.lang.String,java.lang.String)&amp#27;[0m
  &amp#27;[32mAnd &amp#27;[0m&amp#27;[32mJe saisis &amp#27;[0m&amp#27;[32m&amp#27;[1m"2"&amp#27;[0m&amp#27;[32m dans le champ &amp#27;[0m&amp#27;[32m&amp#27;[1m"b"&amp#27;[0m                                                                                                &amp#27;[90m# second_degree_equation.StepDefinitions.je_saisis_dans_le_champ(java.lang.String,java.lang.String)&amp#27;[0m
  &amp#27;[32mAnd &amp#27;[0m&amp#27;[32mJe saisis &amp#27;[0m&amp#27;[32m&amp#27;[1m"1"&amp#27;[0m&amp#27;[32m dans le champ &amp#27;[0m&amp#27;[32m&amp#27;[1m"c"&amp#27;[0m                                                                                                &amp#27;[90m# second_degree_equation.StepDefinitions.je_saisis_dans_le_champ(java.lang.String,java.lang.String)&amp#27;[0m
  &amp#27;[32mAnd &amp#27;[0m&amp#27;[32mJe clique sur le bouton&amp#27;[0m                                                                                                        &amp#27;[90m# second_degree_equation.StepDefinitions.je_clique_sur_le_bouton()&amp#27;[0m
  &amp#27;[31mThen &amp#27;[0m&amp#27;[31mje devrais etre redirigé sur la page &amp#27;[0m&amp#27;[31m&amp#27;[1m"http://localhost:8080/second_degree_equation-1.0.0/api"&amp#27;[0m&amp#27;[31m avec les resultats &amp#27;[0m&amp#27;[31m&amp#27;[1m"<résultat>"&amp#27;[0m &amp#27;[90m# second_degree_equation.StepDefinitions.je_devrais_etre_redirigé_sur_la_page_avec_les_resultats(java.lang.String,java.lang.String)&amp#27;[0m
      &amp#27;[31morg.openqa.selenium.TimeoutException: Expected condition failed: waiting for visibility of element located by By.id: roots (tried for 10 second(s) with 500 milliseconds interval)
Build info: version: '4.17.0', revision: 'e52b1be057*'
System info: os.name: 'Linux', os.arch: 'amd64', os.version: '6.5.0-14-generic', java.version: '17.0.9'
Driver info: org.openqa.selenium.chrome.ChromeDriver
Capabilities {acceptInsecureCerts: false, browserName: chrome, browserVersion: 120.0.6099.129, chrome: {chromedriverVersion: 120.0.6099.109 (3419140ab66..., userDataDir: /tmp/.org.chromium.Chromium...}, fedcm:accounts: true, goog:chromeOptions: {debuggerAddress: localhost:36475}, networkConnectionEnabled: false, pageLoadStrategy: normal, platformName: linux, proxy: Proxy(), se:cdp: ws://localhost:36475/devtoo..., se:cdpVersion: 120.0.6099.129, setWindowRect: true, strictFileInteractability: false, timeouts: {implicit: 0, pageLoad: 300000, script: 30000}, unhandledPromptBehavior: dismiss and notify, webauthn:extension:credBlob: true, webauthn:extension:largeBlob: true, webauthn:extension:minPinLength: true, webauthn:extension:prf: true, webauthn:virtualAuthenticators: true}
Session ID: abf8ab712efc9944c86fb29190397d3d
	at org.openqa.selenium.support.ui.WebDriverWait.timeoutException(WebDriverWait.java:84)
	at org.openqa.selenium.support.ui.FluentWait.until(FluentWait.java:228)
	at second_degree_equation.StepDefinitions.je_devrais_etre_redirigé_sur_la_page_avec_les_resultats(StepDefinitions.java:58)
	at ✽.je devrais etre redirigé sur la page "http://localhost:8080/second_degree_equation-1.0.0/api" avec les resultats "<résultat>"(classpath:second_degree_equation/equation.feature:14)
&amp#27;[0m
]]></system-out>
  </testcase>
</testsuite>