<?xml version="1.0" encoding="UTF-8"?>
<testsuite xmlns:xsi="http://www.w3.org/2001/XMLSchema-instance" xsi:noNamespaceSchemaLocation="https://maven.apache.org/surefire/maven-surefire-plugin/xsd/surefire-test-report-3.0.xsd" version="3.0" name="second_degree_equation.EquationSolverTest" time="0.583" tests="89" errors="0" skipped="0" failures="7">
  <properties>
[...]
</properties>
  <testcase name="testSolve_a_normal_negatif__b_null_c_normal_negatif_" classname="second_degree_equation.EquationSolverTest" time="0.055"/>
  <testcase name="testSolve_a_negatif_grand__b_proche_de_0_positif__c_grand_positif_" classname="second_degree_equation.EquationSolverTest" time="0.006"/>
  <testcase name="testSolve_a_tres_proche_de_0_negatif__b_grand_positif__c_null" classname="second_degree_equation.EquationSolverTest" time="0.009"/>
  <testcase name="testSolve_a_tres_proche_de_0_negatif__b_null_c_proche_de_0_negatif_" classname="second_degree_equation.EquationSolverTest" time="0.008"/>
  <testcase name="testSolve_a_proche_de_0_negatif__b_null_c_proche_de_0_positif_" classname="second_degree_equation.EquationSolverTest" time="0.005"/>
  <testcase name="testSolve_a_tres_proche_de_0_negatif__b_normal_negatif__c_proche_de_0_negatif_" classname="second_degree_equation.EquationSolverTest" time="0.006"/>
  <testcase name="testSolve_a_normal_positif__b_normal_negatif__c_null" classname="second_degree_equation.EquationSolverTest" time="0.009"/>
  <testcase name="testSolve_a_tres_proche_de_zero__b_proche_de_0_positif__c_negatif_grand_" classname="second_degree_equation.EquationSolverTest" time="0.004"/>
  <testcase name="testSolve_a_tres_proche_de_0_negatif__b_proche_de_0_positif__c_tres_proche_de_0_negatif_" classname="second_degree_equation.EquationSolverTest" time="0.005"/>
  <testcase name="testSolve_a_normal_negatif__b_grand_positif__c_grand_positif_" classname="second_degree_equation.EquationSolverTest" time="0.023">
    <failure message="expected: &lt;0.0&gt; but was: &lt;-0.0026873350143432617&gt;" type="org.opentest4j.AssertionFailedError"><![CDATA[org.opentest4j.AssertionFailedError: expected: <0.0> but was: <-0.0026873350143432617>
	at org.junit.jupiter.api.AssertionFailureBuilder.build(AssertionFailureBuilder.java:151)
	at org.junit.jupiter.api.AssertionFailureBuilder.buildAndThrow(AssertionFailureBuilder.java:132)
	at org.junit.jupiter.api.AssertEquals.failNotEqual(AssertEquals.java:197)
	at org.junit.jupiter.api.AssertEquals.assertEquals(AssertEquals.java:86)
	at org.junit.jupiter.api.AssertEquals.assertEquals(AssertEquals.java:81)
	at org.junit.jupiter.api.Assertions.assertEquals(Assertions.java:1014)
	at second_degree_equation.EquationSolverTest.testSolve_a_normal_negatif__b_grand_positif__c_grand_positif_(EquationSolverTest.java:784)
	at java.base/java.lang.reflect.Method.invoke(Method.java:568)
	at java.base/java.util.ArrayList.forEach(ArrayList.java:1511)
	at java.base/java.util.ArrayList.forEach(ArrayList.java:1511)
]]></failure>
  </testcase>
  <testcase name="testSolve_a_proche_de_0_negatif__b_normal_positif__c_normal_positif_" classname="second_degree_equation.EquationSolverTest" time="0.006"/>
  <testcase name="testSolve_a_normal_negatif__b_normal_negatif__c_tres_proche_de_0_negatif_" classname="second_degree_equation.EquationSolverTest" time="0.007"/>
  <testcase name="testSolve_a_proche_de_0_positif__b_proche_de_0_negatif__c_grand_positif_" classname="second_degree_equation.EquationSolverTest" time="0.003"/>
  <testcase name="testSolve_a_tres_proche_de_zero__b_grand_positif__c_proche_de_0_positif_" classname="second_degree_equation.EquationSolverTest" time="0.012">
    <failure message="expected: &lt;0.0&gt; but was: &lt;3.5199580940629076&gt;" type="org.opentest4j.AssertionFailedError"><![CDATA[org.opentest4j.AssertionFailedError: expected: <0.0> but was: <3.5199580940629076>
	at org.junit.jupiter.api.AssertionFailureBuilder.build(AssertionFailureBuilder.java:151)
	at org.junit.jupiter.api.AssertionFailureBuilder.buildAndThrow(AssertionFailureBuilder.java:132)
	at org.junit.jupiter.api.AssertEquals.failNotEqual(AssertEquals.java:197)
	at org.junit.jupiter.api.AssertEquals.assertEquals(AssertEquals.java:86)
	at org.junit.jupiter.api.AssertEquals.assertEquals(AssertEquals.java:81)
	at org.junit.jupiter.api.Assertions.assertEquals(Assertions.java:1014)
	at second_degree_equation.EquationSolverTest.testSolve_a_tres_proche_de_zero__b_grand_positif__c_proche_de_0_positif_(EquationSolverTest.java:1576)
	at java.base/java.lang.reflect.Method.invoke(Method.java:568)
	at java.base/java.util.ArrayList.forEach(ArrayList.java:1511)
	at java.base/java.util.ArrayList.forEach(ArrayList.java:1511)
]]></failure>
  </testcase>
  <testcase name="testSolve_a_negatif_grand__b_proche_de_0_negatif__c_tres_proche_de_zero_" classname="second_degree_equation.EquationSolverTest" time="0.008"/>
  <testcase name="testSolve_a_proche_de_0_positif__b_normal_positif__c_proche_de_0_negatif_" classname="second_degree_equation.EquationSolverTest" time="0.004"/>
  <testcase name="testSolve_a_normal_positif__b_tres_proche_de_zero__c_negatif_grand_" classname="second_degree_equation.EquationSolverTest" time="0.002"/>
  <testcase name="testSolve_a_normal_negatif__b_proche_de_0_negatif__c_negatif_grand_" classname="second_degree_equation.EquationSolverTest" time="0.002"/>
  <testcase name="testSolve_a_tres_proche_de_0_negatif__b_negatif_grand__c_tres_proche_de_0_negatif_" classname="second_degree_equation.EquationSolverTest" time="0.002"/>
  <testcase name="testSolve_a_negatif_grand__b_normal_positif__c_tres_proche_de_zero_" classname="second_degree_equation.EquationSolverTest" time="0.004"/>
  <testcase name="testSolve_a_null_b_proche_de_0_negatif__c_tres_proche_de_0_negatif_" classname="second_degree_equation.EquationSolverTest" time="0.002"/>
  <testcase name="testSolve_a_negatif_grand__b_tres_proche_de_zero__c_null" classname="second_degree_equation.EquationSolverTest" time="0.003"/>
  <testcase name="testSolve_a_normal_positif__b_tres_proche_de_0_negatif__c_tres_proche_de_0_negatif_" classname="second_degree_equation.EquationSolverTest" time="0.005"/>
  <testcase name="testSolve_a_grand_positif__b_normal_positif__c_negatif_grand_" classname="second_degree_equation.EquationSolverTest" time="0.004"/>
  <testcase name="testSolve_a_null_b_proche_de_0_positif__c_null" classname="second_degree_equation.EquationSolverTest" time="0.004"/>
  <testcase name="testSolve_a_normal_positif__b_negatif_grand__c_grand_positif_" classname="second_degree_equation.EquationSolverTest" time="0.005">
    <failure message="expected: &lt;0.0&gt; but was: &lt;0.11593431234359741&gt;" type="org.opentest4j.AssertionFailedError"><![CDATA[org.opentest4j.AssertionFailedError: expected: <0.0> but was: <0.11593431234359741>
	at org.junit.jupiter.api.AssertionFailureBuilder.build(AssertionFailureBuilder.java:151)
	at org.junit.jupiter.api.AssertionFailureBuilder.buildAndThrow(AssertionFailureBuilder.java:132)
	at org.junit.jupiter.api.AssertEquals.failNotEqual(AssertEquals.java:197)
	at org.junit.jupiter.api.AssertEquals.assertEquals(AssertEquals.java:86)
	at org.junit.jupiter.api.AssertEquals.assertEquals(AssertEquals.java:81)
	at org.junit.jupiter.api.Assertions.assertEquals(Assertions.java:1014)
	at second_degree_equation.EquationSolverTest.testSolve_a_normal_positif__b_negatif_grand__c_grand_positif_(EquationSolverTest.java:168)
	at java.base/java.lang.reflect.Method.invoke(Method.java:568)
	at java.base/java.util.ArrayList.forEach(ArrayList.java:1511)
	at java.base/java.util.ArrayList.forEach(ArrayList.java:1511)
]]></failure>
  </testcase>
  <testcase name="testSolve_a_grand_positif__b_normal_negatif__c_normal_positif_" classname="second_degree_equation.EquationSolverTest" time="0.003"/>
  <testcase name="testSolve_a_normal_positif__b_null_c_normal_positif_" classname="second_degree_equation.EquationSolverTest" time="0.006"/>
  <testcase name="testSolve_a_tres_proche_de_zero__b_normal_negatif__c_tres_proche_de_zero_" classname="second_degree_equation.EquationSolverTest" time="0.003"/>
  <testcase name="testSolve_a_proche_de_0_negatif__b_grand_positif__c_tres_proche_de_0_negatif_" classname="second_degree_equation.EquationSolverTest" time="0.002"/>
  <testcase name="testSolve_a_normal_negatif__b_tres_proche_de_0_negatif__c_proche_de_0_positif_" classname="second_degree_equation.EquationSolverTest" time="0.003"/>
  <testcase name="testSolve_a_proche_de_0_positif__b_negatif_grand__c_negatif_grand_" classname="second_degree_equation.EquationSolverTest" time="0.006">
    <failure message="expected: &lt;0.0&gt; but was: &lt;0.13335251808166504&gt;" type="org.opentest4j.AssertionFailedError"><![CDATA[org.opentest4j.AssertionFailedError: expected: <0.0> but was: <0.13335251808166504>
	at org.junit.jupiter.api.AssertionFailureBuilder.build(AssertionFailureBuilder.java:151)
	at org.junit.jupiter.api.AssertionFailureBuilder.buildAndThrow(AssertionFailureBuilder.java:132)
	at org.junit.jupiter.api.AssertEquals.failNotEqual(AssertEquals.java:197)
	at org.junit.jupiter.api.AssertEquals.assertEquals(AssertEquals.java:86)
	at org.junit.jupiter.api.AssertEquals.assertEquals(AssertEquals.java:81)
	at org.junit.jupiter.api.Assertions.assertEquals(Assertions.java:1014)
	at second_degree_equation.EquationSolverTest.testSolve_a_proche_de_0_positif__b_negatif_grand__c_negatif_grand_(EquationSolverTest.java:652)
	at java.base/java.lang.reflect.Method.invoke(Method.java:568)
	at java.base/java.util.ArrayList.forEach(ArrayList.java:1511)
	at java.base/java.util.ArrayList.forEach(ArrayList.java:1511)
]]></failure>
  </testcase>
  <testcase name="testSolve_a_null_b_normal_positif__c_proche_de_0_positif_" classname="second_degree_equation.EquationSolverTest" time="0.002"/>
  <testcase name="testSolve_a_tres_proche_de_0_negatif__b_normal_negatif__c_normal_negatif_" classname="second_degree_equation.EquationSolverTest" time="0.004"/>
  <testcase name="testSolve_a_negatif_grand__b_grand_positif__c_negatif_grand_" classname="second_degree_equation.EquationSolverTest" time="0.005"/>
  <testcase name="testSolve_a_grand_positif__b_tres_proche_de_0_negatif__c_null" classname="second_degree_equation.EquationSolverTest" time="0.002"/>
  <testcase name="testSolve_a_normal_positif__b_proche_de_0_negatif__c_proche_de_0_negatif_" classname="second_degree_equation.EquationSolverTest" time="0.005"/>
  <testcase name="testSolve_a_proche_de_0_positif__b_tres_proche_de_zero__c_tres_proche_de_0_negatif_" classname="second_degree_equation.EquationSolverTest" time="0.002"/>
  <testcase name="testSolve_a_proche_de_0_positif__b_normal_negatif__c_proche_de_0_positif_" classname="second_degree_equation.EquationSolverTest" time="0.002"/>
  <testcase name="testSolve_a_tres_proche_de_zero__b_tres_proche_de_zero__c_normal_positif_" classname="second_degree_equation.EquationSolverTest" time="0.006"/>
  <testcase name="testSolve_a_grand_positif__b_proche_de_0_negatif__c_tres_proche_de_0_negatif_" classname="second_degree_equation.EquationSolverTest" time="0.004"/>
  <testcase name="testSolve_a_proche_de_0_negatif__b_tres_proche_de_0_negatif__c_normal_negatif_" classname="second_degree_equation.EquationSolverTest" time="0.002"/>
  <testcase name="testSolve_a_null_b_null_c_negatif_grand_" classname="second_degree_equation.EquationSolverTest" time="0.003"/>
  <testcase name="testSolve_a_proche_de_0_positif__b_tres_proche_de_0_negatif__c_proche_de_0_negatif_" classname="second_degree_equation.EquationSolverTest" time="0.002"/>
  <testcase name="testSolve_a_negatif_grand__b_tres_proche_de_0_negatif__c_proche_de_0_negatif_" classname="second_degree_equation.EquationSolverTest" time="0.002"/>
  <testcase name="testSolve_a_null_b_tres_proche_de_zero__c_normal_negatif_" classname="second_degree_equation.EquationSolverTest" time="0.004"/>
  <testcase name="testSolve_a_tres_proche_de_zero__b_proche_de_0_negatif__c_normal_negatif_" classname="second_degree_equation.EquationSolverTest" time="0.002"/>
  <testcase name="testSolve_a_grand_positif__b_negatif_grand__c_proche_de_0_positif_" classname="second_degree_equation.EquationSolverTest" time="0.001"/>
  <testcase name="testSolve_a_grand_positif__b_tres_proche_de_0_negatif__c_proche_de_0_negatif_" classname="second_degree_equation.EquationSolverTest" time="0.003"/>
  <testcase name="testSolve_a_normal_positif__b_grand_positif__c_normal_positif_" classname="second_degree_equation.EquationSolverTest" time="0.006">
    <failure message="expected: &lt;0.0&gt; but was: &lt;0.010439884443258052&gt;" type="org.opentest4j.AssertionFailedError"><![CDATA[org.opentest4j.AssertionFailedError: expected: <0.0> but was: <0.010439884443258052>
	at org.junit.jupiter.api.AssertionFailureBuilder.build(AssertionFailureBuilder.java:151)
	at org.junit.jupiter.api.AssertionFailureBuilder.buildAndThrow(AssertionFailureBuilder.java:132)
	at org.junit.jupiter.api.AssertEquals.failNotEqual(AssertEquals.java:197)
	at org.junit.jupiter.api.AssertEquals.assertEquals(AssertEquals.java:86)
	at org.junit.jupiter.api.AssertEquals.assertEquals(AssertEquals.java:81)
	at org.junit.jupiter.api.Assertions.assertEquals(Assertions.java:1014)
	at second_degree_equation.EquationSolverTest.testSolve_a_normal_positif__b_grand_positif__c_normal_positif_(EquationSolverTest.java:1950)
	at java.base/java.lang.reflect.Method.invoke(Method.java:568)
	at java.base/java.util.ArrayList.forEach(ArrayList.java:1511)
	at java.base/java.util.ArrayList.forEach(ArrayList.java:1511)
]]></failure>
  </testcase>
  <testcase name="testSolve_a_grand_positif__b_grand_positif__c_normal_negatif_" classname="second_degree_equation.EquationSolverTest" time="0.007"/>
  <testcase name="testSolve_a_proche_de_0_positif__b_proche_de_0_positif__c_normal_negatif_" classname="second_degree_equation.EquationSolverTest" time="0.003"/>
  <testcase name="testSolve_a_grand_positif__b_grand_positif__c_tres_proche_de_zero_" classname="second_degree_equation.EquationSolverTest" time="0.002"/>
  <testcase name="testSolve_a_null_b_normal_negatif__c_grand_positif_" classname="second_degree_equation.EquationSolverTest" time="0.003"/>
  <testcase name="testSolve_a_proche_de_0_negatif__b_tres_proche_de_0_negatif__c_tres_proche_de_zero_" classname="second_degree_equation.EquationSolverTest" time="0.004"/>
  <testcase name="testSolve_a_tres_proche_de_0_negatif__b_normal_positif__c_normal_positif_" classname="second_degree_equation.EquationSolverTest" time="0.003"/>
  <testcase name="testSolve_a_normal_positif__b_proche_de_0_positif__c_tres_proche_de_zero_" classname="second_degree_equation.EquationSolverTest" time="0.005"/>
  <testcase name="testSolve_a_null_b_grand_positif__c_proche_de_0_negatif_" classname="second_degree_equation.EquationSolverTest" time="0.002"/>
  <testcase name="testSolve_a_normal_positif__b_tres_proche_de_zero__c_proche_de_0_positif_" classname="second_degree_equation.EquationSolverTest" time="0.003"/>
  <testcase name="testSolve_a_proche_de_0_negatif__b_normal_negatif__c_negatif_grand_" classname="second_degree_equation.EquationSolverTest" time="0.002"/>
  <testcase name="testSolve_a_proche_de_0_negatif__b_proche_de_0_negatif__c_normal_positif_" classname="second_degree_equation.EquationSolverTest" time="0.002"/>
  <testcase name="testSolve_a_proche_de_0_negatif__b_proche_de_0_positif__c_proche_de_0_negatif_" classname="second_degree_equation.EquationSolverTest" time="0.002"/>
  <testcase name="testSolve_a_tres_proche_de_zero__b_tres_proche_de_0_negatif__c_grand_positif_" classname="second_degree_equation.EquationSolverTest" time="0.003"/>
  <testcase name="testSolve_a_tres_proche_de_0_negatif__b_tres_proche_de_zero__c_tres_proche_de_zero_" classname="second_degree_equation.EquationSolverTest" time="0.003"/>
  <testcase name="testSolve_a_tres_proche_de_zero__b_null_c_null" classname="second_degree_equation.EquationSolverTest" time="0.002"/>
  <testcase name="testSolve_a_tres_proche_de_zero__b_negatif_grand__c_proche_de_0_negatif_" classname="second_degree_equation.EquationSolverTest" time="0.002">
    <failure message="expected: &lt;0.0&gt; but was: &lt;-3.2864955170410344&gt;" type="org.opentest4j.AssertionFailedError"><![CDATA[org.opentest4j.AssertionFailedError: expected: <0.0> but was: <-3.2864955170410344>
	at org.junit.jupiter.api.AssertionFailureBuilder.build(AssertionFailureBuilder.java:151)
	at org.junit.jupiter.api.AssertionFailureBuilder.buildAndThrow(AssertionFailureBuilder.java:132)
	at org.junit.jupiter.api.AssertEquals.failNotEqual(AssertEquals.java:197)
	at org.junit.jupiter.api.AssertEquals.assertEquals(AssertEquals.java:86)
	at org.junit.jupiter.api.AssertEquals.assertEquals(AssertEquals.java:81)
	at org.junit.jupiter.api.Assertions.assertEquals(Assertions.java:1014)
	at second_degree_equation.EquationSolverTest.testSolve_a_tres_proche_de_zero__b_negatif_grand__c_proche_de_0_negatif_(EquationSolverTest.java:1092)
	at java.base/java.lang.reflect.Method.invoke(Method.java:568)
	at java.base/java.util.ArrayList.forEach(ArrayList.java:1511)
	at java.base/java.util.ArrayList.forEach(ArrayList.java:1511)
]]></failure>
  </testcase>
  <testcase name="testSolve_a_normal_negatif__b_tres_proche_de_zero__c_proche_de_0_negatif_" classname="second_degree_equation.EquationSolverTest" time="0.002"/>
  <testcase name="testSolve_a_normal_negatif__b_normal_positif__c_null" classname="second_degree_equation.EquationSolverTest" time="0.001"/>
  <testcase name="testSolve_a_grand_positif__b_null_c_grand_positif_" classname="second_degree_equation.EquationSolverTest" time="0.002"/>
  <testcase name="testSolve_a_null_b_negatif_grand__c_tres_proche_de_zero_" classname="second_degree_equation.EquationSolverTest" time="0.001"/>
  <testcase name="testSolve_a_tres_proche_de_0_negatif__b_tres_proche_de_0_negatif__c_negatif_grand_" classname="second_degree_equation.EquationSolverTest" time="0.002"/>
  <testcase name="testSolve_a_grand_positif__b_proche_de_0_positif__c_proche_de_0_positif_" classname="second_degree_equation.EquationSolverTest" time="0.001"/>
  <testcase name="testSolve_a_tres_proche_de_zero__b_normal_positif__c_tres_proche_de_0_negatif_" classname="second_degree_equation.EquationSolverTest" time="0.002"/>
  <testcase name="testSolve_a_grand_positif__b_tres_proche_de_zero__c_negatif_grand_" classname="second_degree_equation.EquationSolverTest" time="0.002"/>
  <testcase name="testSolve_a_normal_positif__b_normal_positif__c_normal_negatif_" classname="second_degree_equation.EquationSolverTest" time="0.002"/>
  <testcase name="testSolve_a_tres_proche_de_0_negatif__b_proche_de_0_negatif__c_proche_de_0_positif_" classname="second_degree_equation.EquationSolverTest" time="0.002"/>
  <testcase name="testSolve_a_negatif_grand__b_null_c_tres_proche_de_0_negatif_" classname="second_degree_equation.EquationSolverTest" time="0.002"/>
  <testcase name="testSolve_a_proche_de_0_positif__b_null_c_tres_proche_de_zero_" classname="second_degree_equation.EquationSolverTest" time="0.002"/>
  <testcase name="testSolve_a_negatif_grand__b_negatif_grand__c_normal_positif_" classname="second_degree_equation.EquationSolverTest" time="0.002"/>
  <testcase name="testSolve_a_proche_de_0_negatif__b_negatif_grand__c_null" classname="second_degree_equation.EquationSolverTest" time="0.002"/>
  <testcase name="testSolve_a_normal_negatif__b_proche_de_0_positif__c_normal_positif_" classname="second_degree_equation.EquationSolverTest" time="0.002"/>
  <testcase name="testSolve_a_proche_de_0_positif__b_proche_de_0_negatif__c_null" classname="second_degree_equation.EquationSolverTest" time="0.002"/>
  <testcase name="testSolve_a_negatif_grand__b_negatif_grand__c_normal_negatif_" classname="second_degree_equation.EquationSolverTest" time="0.002"/>
  <testcase name="testSolve_a_proche_de_0_positif__b_grand_positif__c_normal_positif_" classname="second_degree_equation.EquationSolverTest" time="0.003">
    <failure message="expected: &lt;0.0&gt; but was: &lt;-5.6562651404443045&gt;" type="org.opentest4j.AssertionFailedError"><![CDATA[org.opentest4j.AssertionFailedError: expected: <0.0> but was: <-5.6562651404443045>
	at org.junit.jupiter.api.AssertionFailureBuilder.build(AssertionFailureBuilder.java:151)
	at org.junit.jupiter.api.AssertionFailureBuilder.buildAndThrow(AssertionFailureBuilder.java:132)
	at org.junit.jupiter.api.AssertEquals.failNotEqual(AssertEquals.java:197)
	at org.junit.jupiter.api.AssertEquals.assertEquals(AssertEquals.java:86)
	at org.junit.jupiter.api.AssertEquals.assertEquals(AssertEquals.java:81)
	at org.junit.jupiter.api.Assertions.assertEquals(Assertions.java:1014)
	at second_degree_equation.EquationSolverTest.testSolve_a_proche_de_0_positif__b_grand_positif__c_normal_positif_(EquationSolverTest.java:1246)
	at java.base/java.lang.reflect.Method.invoke(Method.java:568)
	at java.base/java.util.ArrayList.forEach(ArrayList.java:1511)
	at java.base/java.util.ArrayList.forEach(ArrayList.java:1511)
]]></failure>
  </testcase>
  <testcase name="testSolve_a_tres_proche_de_0_negatif__b_normal_positif__c_grand_positif_" classname="second_degree_equation.EquationSolverTest" time="0.002"/>
  <testcase name="testSolve_a_normal_negatif__b_negatif_grand__c_tres_proche_de_zero_" classname="second_degree_equation.EquationSolverTest" time="0.002"/>
  <testcase name="testSolve_a_negatif_grand__b_normal_negatif__c_proche_de_0_positif_" classname="second_degree_equation.EquationSolverTest" time="0.002"/>
  <testcase name="testSolve_a_null_b_tres_proche_de_0_negatif__c_normal_positif_" classname="second_degree_equation.EquationSolverTest" time="0.002"/>
  <testcase name="testSolve_a_proche_de_0_negatif__b_tres_proche_de_zero__c_grand_positif_" classname="second_degree_equation.EquationSolverTest" time="0.002"/>
</testsuite>